==============================================
YuantusPLM End-to-End Regression Suite
==============================================
BASE_URL: http://127.0.0.1:7910
TENANT: tenant-1, ORG: org-1
CLI: .venv/bin/yuantus
==============================================

==> Pre-flight checks
CLI: OK
Python: OK
Checking API health...
API Health: OK (HTTP 200)

Pre-flight checks passed. Starting tests...

━━━━━━━━━━━━━━━━━━━━━━━━━━━━━━━━━━━━━━━━━━━━━━
Running: Ops Health
Script: /Users/huazhou/Downloads/Github/Yuantus/scripts/verify_ops_health.sh
━━━━━━━━━━━━━━━━━━━━━━━━━━━━━━━━━━━━━━━━━━━━━━
==============================================
Ops Health Verification
BASE_URL: http://127.0.0.1:7910
TENANT: tenant-1, ORG: org-1
==============================================

==> /health
Health: OK
OK: /health ok

==> /health/deps
Health deps: OK
OK: /health/deps ok

==============================================
Ops Health Verification Complete
==============================================
ALL CHECKS PASSED
PASS: Ops Health

━━━━━━━━━━━━━━━━━━━━━━━━━━━━━━━━━━━━━━━━━━━━━━
Running: Run H (Core APIs)
Script: /Users/huazhou/Downloads/Github/Yuantus/scripts/verify_run_h.sh
━━━━━━━━━━━━━━━━━━━━━━━━━━━━━━━━━━━━━━━━━━━━━━
==> Migrate tenant DB
Using DB URL: sqlite:///yuantus_mt_skip__tenant-1__org-1.db
INFO  [alembic.runtime.migration] Context impl SQLiteImpl.
INFO  [alembic.runtime.migration] Will assume non-transactional DDL.
==> Seed identity/meta
==> Login
==> Health
Health: OK
==> Meta metadata (Part)
Meta metadata: OK
==> AML add/get
AML add: OK (part_id=21b38781-d57d-4da1-a126-13ad0a55aa3b)
AML get: OK
==> Search
Search: OK
==> RPC Item.create
RPC Item.create: OK (part_id=795e9958-b366-44af-8694-fc93fa1d6832)
==> File upload/download
File upload: OK (file_id=fe931c7c-5dad-4d6d-957b-12505b40532b)
File metadata: OK
File download: OK (http=200)
==> BOM effective
BOM effective: OK
==> Plugins
Plugins list: OK
Plugins ping: OK
==> ECO full flow
ECO stage: OK (stage_id=f9f473cf-dc5f-456d-9823-ac225b0e6370)
ECO create: OK (eco_id=dcbefe7e-bab2-4175-8fba-ba622eec256f)
ECO new-revision: OK (version_id=ee667610-212d-4767-bb32-4f81ff44ee81)
ECO approve: OK
ECO apply: OK
==> Versions history/tree
Versions history: OK
Versions tree: OK
==> Integrations health (should be 200 even if services down)
Integrations health: OK (ok=False)

ALL CHECKS PASSED
PASS: Run H (Core APIs)

━━━━━━━━━━━━━━━━━━━━━━━━━━━━━━━━━━━━━━━━━━━━━━
Running: S2 (Documents & Files)
Script: /Users/huazhou/Downloads/Github/Yuantus/scripts/verify_documents.sh
━━━━━━━━━━━━━━━━━━━━━━━━━━━━━━━━━━━━━━━━━━━━━━
==============================================
Documents & Files Verification
BASE_URL: http://127.0.0.1:7910
TENANT: tenant-1, ORG: org-1
==============================================

==> Seed identity/meta
OK: Seeded identity/meta

==> Login as admin
OK: Admin login

==> Create Part
OK: Created Part: 0e65c109-1fd6-47ad-aa85-25bd610f1ba8

==> Upload file with metadata
OK: Uploaded file: 2ce6b972-1f5e-4893-9b34-c08fceec4fb1

==> Verify file metadata
OK: Metadata verified

==> Upload duplicate file (checksum dedupe)
OK: Dedupe returned same file id

==> Attach file to item
OK: Attachment created

==> Verify item attachment list
OK: Attachment list verified

==> Cleanup
OK: Cleaned up temp file

==============================================
Documents & Files Verification Complete
==============================================
ALL CHECKS PASSED
PASS: S2 (Documents & Files)

━━━━━━━━━━━━━━━━━━━━━━━━━━━━━━━━━━━━━━━━━━━━━━
Running: Document Lifecycle
Script: /Users/huazhou/Downloads/Github/Yuantus/scripts/verify_document_lifecycle.sh
━━━━━━━━━━━━━━━━━━━━━━━━━━━━━━━━━━━━━━━━━━━━━━
==============================================
Document Lifecycle Verification
BASE_URL: http://127.0.0.1:7910
TENANT: tenant-1, ORG: org-1
==============================================

==> Seed identity/meta
OK: Seeded identity/meta

==> Login as admin
OK: Admin login

==> Create Document
OK: Created Document: cb3308ef-7d9c-4320-a51a-3ad9b3a9463f

==> Initialize version
OK: Initial version 1.A

==> Verify initial state is Draft
OK: State Draft

==> Update Document in Draft
OK: Draft update

==> Promote to Review
OK: State Review

==> Promote to Released
OK: State Released

==> Update after Release should be blocked
OK: Update blocked (409)

==> Attach file after Release should be blocked
OK: Attach blocked (409)

==> Cleanup

==============================================
Document Lifecycle Verification Complete
==============================================
ALL CHECKS PASSED
PASS: Document Lifecycle

━━━━━━━━━━━━━━━━━━━━━━━━━━━━━━━━━━━━━━━━━━━━━━
Running: Part Lifecycle
Script: /Users/huazhou/Downloads/Github/Yuantus/scripts/verify_part_lifecycle.sh
━━━━━━━━━━━━━━━━━━━━━━━━━━━━━━━━━━━━━━━━━━━━━━
==============================================
Part Lifecycle Verification
BASE_URL: http://127.0.0.1:7910
TENANT: tenant-1, ORG: org-1
==============================================

==> Seed identity/meta
OK: Seeded identity/meta

==> Login as admin
OK: Admin login

==> Create Parts
OK: Created parent=11359cd5-77a0-4d07-94bb-0e4c87cb7f8b child=a7a3e9aa-a4bc-46c6-b7a3-7217d7e69d72 child2=f66266f0-1cab-4517-979b-46f57142d7e3

==> Add BOM child in Draft
OK: BOM relationship f9ad396c-9bad-4e4f-b03a-1c7982b98ff0

==> Promote to Review
OK: State Review

==> Promote to Released
OK: State Released

==> Update after Release should be blocked
OK: Update blocked (409)

==> BOM add after Release should be blocked
OK: BOM add blocked (409)

==> BOM remove after Release should be blocked
OK: BOM delete blocked (409)

==> Attach file after Release should be blocked
OK: Attach blocked (409)

==> Cleanup

==============================================
Part Lifecycle Verification Complete
==============================================
ALL CHECKS PASSED
PASS: Part Lifecycle

━━━━━━━━━━━━━━━━━━━━━━━━━━━━━━━━━━━━━━━━━━━━━━
Running: S1 (Meta + RBAC)
Script: /Users/huazhou/Downloads/Github/Yuantus/scripts/verify_permissions.sh
━━━━━━━━━━━━━━━━━━━━━━━━━━━━━━━━━━━━━━━━━━━━━━
==> Seed identity (admin + viewer)
Created user: admin (superuser)
==> Seed meta schema
==> Login as admin
Admin login: OK
==> Ensure viewer identity (server) is non-superuser
Viewer identity: OK (id=2085654042)
==> Configure PermissionSets
Created PermissionSet: ReadOnly-1770164015
ACE viewer (read-only): OK
ACE admin (full): OK
==> Assign PermissionSet to ItemTypes
Assigned permission to Part: OK
Assigned permission to Part BOM: OK
==> Admin creates Part (should succeed)
Admin AML add Part: OK (part_id=4f7499e7-7367-42d0-95ed-66d06bb7ee6b)
Admin created child Part: OK (child_id=cccebc28-02a5-47e8-9e2f-839afd7e2945)
==> Login as viewer
Viewer login: OK
==> Viewer READ operations (should succeed)
Viewer AML get Part: OK (200)
Viewer search: OK (200)
Viewer BOM effective: OK (200)
==> Viewer WRITE operations (should fail with 403)
Viewer AML add Part: BLOCKED (403) - EXPECTED
Viewer BOM add child: BLOCKED (403) - EXPECTED
Viewer AML update Part: BLOCKED (403) - EXPECTED
==> Admin WRITE operations (should succeed)
Admin BOM add child: OK
Admin AML update Part: OK
==> Viewer can read updated BOM tree
Viewer BOM tree with children: OK (200)

ALL CHECKS PASSED
PASS: S1 (Meta + RBAC)

━━━━━━━━━━━━━━━━━━━━━━━━━━━━━━━━━━━━━━━━━━━━━━
Running: S7 (Quotas)
Script: /Users/huazhou/Downloads/Github/Yuantus/scripts/verify_quotas.sh
━━━━━━━━━━━━━━━━━━━━━━━━━━━━━━━━━━━━━━━━━━━━━━
==> Seed identity + meta
==> Login as admin
==> Read current quota usage
SKIP: quota mode is 'disabled' (expected enforce)
PASS: S7 (Quotas)

━━━━━━━━━━━━━━━━━━━━━━━━━━━━━━━━━━━━━━━━━━━━━━
Running: S3.1 (BOM Tree)
Script: /Users/huazhou/Downloads/Github/Yuantus/scripts/verify_bom_tree.sh
━━━━━━━━━━━━━━━━━━━━━━━━━━━━━━━━━━━━━━━━━━━━━━
==> Seed identity
Created admin user
==> Seed meta schema
==> Login as admin
Admin login: OK
==> Create test parts for BOM tree
Created Part A: f3418081-954a-4eb7-ae5f-9a9f77cf6b6f
Created Part B: cca57e9c-bb75-4510-bc5e-e67f753b2c41
Created Part C: daccb585-4b60-49b8-9750-569f47bac677
Created Part D: 8e9bc20b-f17e-4052-91e6-35f68bd0e98c
==> Build BOM structure: A -> B -> C, B -> D
Adding B as child of A...
A -> B relationship created: 20c3b69e-902e-4ced-917b-72fbe3a5e562
Adding C as child of B...
B -> C relationship created: 560b2245-f04f-4fc2-8fd0-09f1e7f57d3e
Adding D as child of B...
B -> D relationship created: 113f7788-859e-4662-974f-1de405785018
BOM structure created: OK
==> Test BOM tree query with depth
Full tree (depth=10): Level 1 has 1 child (B): OK
Full tree (depth=10): Level 2 has 2 children (C, D): OK
Limited tree (depth=1): Only shows B with no grandchildren: OK
==> Test cycle detection (C -> A should be 409)
Cycle detection: C -> A returned 409: OK
Cycle error type: CYCLE_DETECTED: OK
Cycle path returned: ['daccb585-4b60-49b8-9750-569f47bac677', 'f3418081-954a-4eb7-ae5f-9a9f77cf6b6f', 'cca57e9c-bb75-4510-bc5e-e67f753b2c41', 'daccb585-4b60-49b8-9750-569f47bac677']: OK
==> Test self-reference cycle (A -> A should be 409)
Self-reference cycle: A -> A returned 409: OK
==> Test duplicate add (A -> B again should fail)
Duplicate add: A -> B again returned 400: OK
==> Test remove child (B -> D)
Remove child: B -> D deleted: OK
After delete: Level 2 has 1 child (C only): OK
==> Test remove non-existent relationship
Remove non-existent: A -> D (never existed) returned 404: OK

ALL CHECKS PASSED
PASS: S3.1 (BOM Tree)

━━━━━━━━━━━━━━━━━━━━━━━━━━━━━━━━━━━━━━━━━━━━━━
Running: S3.2 (BOM Effectivity)
Script: /Users/huazhou/Downloads/Github/Yuantus/scripts/verify_bom_effectivity.sh
━━━━━━━━━━━━━━━━━━━━━━━━━━━━━━━━━━━━━━━━━━━━━━
Date context: TODAY=2026-02-04T00:13:38Z, NEXT_WEEK=2026-02-11T00:13:38Z, LAST_WEEK=2026-01-28T00:13:38Z
==> Seed identity (admin + viewer)
Created users: admin (superuser), viewer (no write)
==> Seed meta schema
==> Login as admin
Admin login: OK
==> Configure PermissionSets
Permissions configured: OK
==> Create test parts
Created Part A (parent): 2064299f-5230-4e30-b053-083770ad0ba6
Created Part B (future child): 2c6f7322-f55f-4498-bb53-172dc0ea90fb
Created Part C (current child): e3487dc3-4dc4-4447-bf8f-7c597d947b51
Created Part D (expired child): 84fc3f84-5319-49db-b500-43aa54c08094
==> Build BOM with effectivity dates
Adding B to A (effective from next week)...
A -> B relationship: f4b1beee-625a-49b3-b0e4-b0b1b1df613d, effectivity_id: a967dbfb-ecc8-4921-bdb5-f18848820ec3
Adding C to A (effective from last week, always visible now)...
A -> C relationship: 1bed1d98-8827-4991-9cbf-b72b5b2ace69
Adding D to A (expired - ended last week)...
A -> D relationship: 340625a5-586c-4473-9775-adb2637893a5
BOM with effectivity created: OK
==> Query effective BOM at TODAY (should only see C)
Effective BOM at TODAY: 1 child (C only): OK
==> Query effective BOM at NEXT_WEEK (should see B and C)
Effective BOM at NEXT_WEEK: 2 children (B and C): OK
==> Query effective BOM at LAST_WEEK (should see C and D)
Effective BOM at LAST_WEEK: 2 children (C and D): OK
==> RBAC: Viewer cannot add BOM children (should be 403)
Viewer login: OK
Viewer add BOM child: BLOCKED (403) - EXPECTED
==> RBAC: Viewer can read effective BOM (should be 200)
Viewer read effective BOM: OK (200)
==> Delete BOM line (A -> B) and verify Effectivity CASCADE
Delete A -> B relationship: OK
After delete: NEXT_WEEK shows 1 child (C only): OK

ALL CHECKS PASSED
PASS: S3.2 (BOM Effectivity)
SKIP: S12 (Config Variants) (RUN_CONFIG_VARIANTS=0)

━━━━━━━━━━━━━━━━━━━━━━━━━━━━━━━━━━━━━━━━━━━━━━
Running: S3.3 (Versions)
Script: /Users/huazhou/Downloads/Github/Yuantus/scripts/verify_versions.sh
━━━━━━━━━━━━━━━━━━━━━━━━━━━━━━━━━━━━━━━━━━━━━━
==> Seed identity
Created admin user
==> Seed meta schema
==> Login as admin
Admin login: OK
==> Create versionable Part
Created Part: d7aa965e-4cab-4d6e-9468-5f0ca65e27c4
==> Initialize version (expecting 1.A)
Initial version: 1.A (generation=1, revision=A): OK
==> Revise version (1.A -> 1.B)
Revised version: 1.B: OK
==> Revise version again (1.B -> 1.C)
Revised version: 1.C: OK
==> Get version tree
Version tree has 3 versions (1.A, 1.B, 1.C): OK
Version tree labels: 1.A,1.B,1.C: OK
==> Get version history
Version history has 3 entries: OK
==> Test revision calculation
Letter scheme: A -> B: OK
Letter scheme: Z -> AA: OK
Number scheme: 1 -> 2: OK
==> Test revision comparison
Revision compare: A < C: OK
==> Test iteration within version
Created iteration: 1.C.1: OK
Created iteration: 1.C.2: OK
Latest iteration is 1.C.2: OK
==> Test version comparison
Version comparison (1.A vs 1.B): OK
==> Create revision scheme
Created revision scheme (number, starts at 1): OK
Revision schemes list: 23 scheme(s): OK
==> Test checkout/checkin flow
Checkout: locked by user 1057719384: OK
Checkin: unlocked: OK

==============================================
VERSION SEMANTICS SUMMARY
==============================================
Version Label Format: {generation}.{revision}
  - Generation: 1, 2, 3, ...
  - Revision: A, B, C, ..., Z, AA, AB, ...
  - Example: 1.A, 1.B, 2.A, 2.AA

Iteration Format: {version_label}.{iteration}
  - Example: 1.A.1, 1.A.2, 1.B.1

Revision Schemes:
  - letter (default): A -> B -> ... -> Z -> AA
  - number: 1 -> 2 -> 3 -> ...
  - hybrid: A1 -> A2 -> ... -> A99 -> B1
==============================================

ALL CHECKS PASSED
PASS: S3.3 (Versions)

━━━━━━━━━━━━━━━━━━━━━━━━━━━━━━━━━━━━━━━━━━━━━━
Running: S4 (ECO Advanced)
Script: /Users/huazhou/Downloads/Github/Yuantus/scripts/verify_eco_advanced.sh
━━━━━━━━━━━━━━━━━━━━━━━━━━━━━━━━━━━━━━━━━━━━━━
==============================================
ECO Advanced Verification
BASE_URL: http://127.0.0.1:7910
TENANT: tenant-1, ORG: org-1
==============================================

==> Seed identity/meta
OK: Seeded identity/meta

==> Login (admin + viewer)
OK: Login succeeded

==> Create ECO stage (approval_roles=admin)
OK: Stage created: 24fd4dd7-531e-4a94-b8a0-5959ff5fe651

==> Create product + assembly
OK: Created product: be3bbfb8-7f79-4eb9-b2ad-53b6027d6157
OK: Created assembly: 8e3a3960-e60f-45d9-a96f-42854b900696

==> Init product version
OK: Initial version: e1b7cb42-d2f8-4dc7-9981-3e9be1d2532a

==> Build where-used link (assembly -> product)
OK: Where-used link created

==> Upload file + attach to product
OK: File attached (status=created)

==> Checkout + checkin to sync version files
OK: Version checked in after file binding
Initial version files: OK
OK: Version files synced

==> Create ECO (for product)
OK: ECO1 created: 9baa7e96-2a39-4a66-8997-43eecbddca43

==> Move ECO1 to approval stage
OK: ECO1 moved to stage

==> SLA overdue check + notify
Overdue list: OK
OK: Overdue list validated
Overdue notifications: OK
OK: Overdue notifications sent

==> Create ECO target version
OK: Target version: 467a4d34-5cc4-4946-80b2-aadc21aa292e

==> Resolve target version timestamp
OK: Target created_at: 2026-02-04T00:13:43.128692

==> ECO apply + verify version files synced to item
OK: ECO1 applied
Item files synced: OK
Target version files: OK
OK: ECO apply file sync validated

==> Add new BOM line effective from target version date
OK: Effective BOM line added

==> ECO BOM diff (expect added child)
BOM diff: OK
OK: BOM diff validated

==> ECO BOM diff (compare_mode=only_product)
BOM diff only_product: OK
OK: BOM diff compare_mode validated

==> ECO impact analysis (include files + bom diff + version diff)
Impact analysis: OK
OK: Impact analysis validated

==> ECO impact export (csv/xlsx/pdf)
Impact export files: OK
OK: Impact export validated

==> Create ECO2 for batch approvals
OK: ECO2 created/moved: cebb0133-082d-40b2-9f54-19ee5f5a04cc

==> Batch approve as admin
Batch approvals (admin): OK
OK: Admin batch approvals validated

==> Verify ECO states are approved
OK: ECO states approved

==> Batch approve as viewer (expect denied)
Batch approvals (viewer denied): OK
OK: Viewer batch approvals denied

==============================================
ECO Advanced Verification Complete
==============================================
ALL CHECKS PASSED
PASS: S4 (ECO Advanced)

━━━━━━━━━━━━━━━━━━━━━━━━━━━━━━━━━━━━━━━━━━━━━━
Running: S5-A (CAD Pipeline S3)
Script: /Users/huazhou/Downloads/Github/Yuantus/scripts/verify_cad_pipeline_s3.sh
━━━━━━━━━━━━━━━━━━━━━━━━━━━━━━━━━━━━━━━━━━━━━━
==============================================
S3 CAD Pipeline Verification
BASE_URL: http://127.0.0.1:7910
TENANT: tenant-1, ORG: org-1
==============================================

==> Seed identity (admin user)
OK: Identity seeded

==> Seed meta schema
OK: Meta schema seeded

==> Login as admin
OK: Admin login

==> Create test STL file
OK: Created test file: /tmp/yuantus_cad_s3_test.stl

==> Upload STL via /cad/import
OK: File uploaded: fd8bbf73-e597-4ece-9160-de7bfef961d9
Preview job ID: e2cc76c9-5762-42a8-8735-04c93ffd6f3e
Geometry job ID: 904bda1e-0b75-483c-a55f-98372c617188

==> Run worker to process jobs
cadquery not installed. STEP/IGES conversion will rely on FreeCAD/Trimesh.
cadquery not installed. STEP/IGES conversion will rely on FreeCAD/Trimesh.
OK: Worker executed

==> Check job statuses
Preview job status: pending
Geometry job status: pending

==> Check file metadata
Preview URL: /api/v1/file/fd8bbf73-e597-4ece-9160-de7bfef961d9/preview
Geometry URL: /api/v1/file/fd8bbf73-e597-4ece-9160-de7bfef961d9/geometry
Conversion status: failed
OK: Preview path set
OK: Geometry path set

==> Test preview endpoint
OK: Preview endpoint works (HTTP 200)

==> Test geometry endpoint
OK: Geometry endpoint works (HTTP 200)

==> Check storage type
Local storage detected (direct file response)

==> Cleanup
OK: Cleaned up test file

==============================================
CAD Pipeline S3 Verification Complete
==============================================

Summary:
  - File upload: OK
  - Job processing: pending / pending
  - Preview endpoint: 200
  - Geometry endpoint: 200

ALL CHECKS PASSED
PASS: S5-A (CAD Pipeline S3)

━━━━━━━━━━━━━━━━━━━━━━━━━━━━━━━━━━━━━━━━━━━━━━
Running: S5-A (CAD 2D Preview)
Script: /Users/huazhou/Downloads/Github/Yuantus/scripts/verify_cad_preview_2d.sh
━━━━━━━━━━━━━━━━━━━━━━━━━━━━━━━━━━━━━━━━━━━━━━
SKIP: CAD ML Vision not available at http://localhost:8001/api/v1/vision/health (HTTP 000000)
PASS: S5-A (CAD 2D Preview)
SKIP: S5-A (CADGF Preview Online) (RUN_CADGF_PREVIEW_ONLINE=0)

━━━━━━━━━━━━━━━━━━━━━━━━━━━━━━━━━━━━━━━━━━━━━━
Running: S5-B (CAD 2D Connectors)
Script: /Users/huazhou/Downloads/Github/Yuantus/scripts/verify_cad_connectors_2d.sh
━━━━━━━━━━━━━━━━━━━━━━━━━━━━━━━━━━━━━━━━━━━━━━
==============================================
CAD 2D Connectors Verification
BASE_URL: http://127.0.0.1:7910
TENANT: tenant-1, ORG: org-1
==============================================

==> Seed identity/meta
OK: Seeded identity/meta

==> Login as admin
OK: Admin login

==> Create dummy DWG/DXF files
OK: Created files: /tmp/yuantus_gstarcad_1770164043.dwg, /tmp/yuantus_zwcad_1770164043.dxf, /tmp/yuantus_haochencad_1770164043.dwg, /tmp/yuantus_zhongwang_1770164043.dxf, /tmp/yuantus_cad_auto_1770164043.dwg, /tmp/yuantus_cad_auto_zw_1770164043.dwg

==> Upload gstarcad_1770164043.dwg (GSTARCAD)
OK: Uploaded file: 59e47aa8-f803-4b2d-a8f8-e582dd729712
Metadata OK
OK: Metadata verified (GSTARCAD)

==> Upload zwcad_1770164043.dxf (ZWCAD)
OK: Uploaded file: e1f142c9-a603-49cf-a1a8-a3f275539c3b
Metadata OK
OK: Metadata verified (ZWCAD)

==> Upload haochencad_1770164043.dwg (HAOCHEN)
OK: Uploaded file: 638631b1-694a-4d95-95e8-68dd704e946a
Metadata OK
OK: Metadata verified (HAOCHEN)

==> Upload zhongwangcad_1770164043.dxf (ZHONGWANG)
OK: Uploaded file: 4a4bf983-0951-46fc-bda9-eaaab87d98f2
Metadata OK
OK: Metadata verified (ZHONGWANG)

==> Upload cad_auto_1770164043.dwg (auto-detect)
OK: Uploaded file: 730fc8fb-34ad-4669-827f-751f8243c56a
Metadata OK
OK: Metadata verified (HAOCHEN)

==> Upload cad_auto_zw_1770164043.dwg (auto-detect)
OK: Uploaded file: 65825946-7fc2-4af3-96f0-568f6cb00ad5
Metadata OK
OK: Metadata verified (ZWCAD)

==> Cleanup
OK: Cleaned up temp files

==============================================
CAD 2D Connectors Verification Complete
==============================================
ALL CHECKS PASSED
PASS: S5-B (CAD 2D Connectors)

━━━━━━━━━━━━━━━━━━━━━━━━━━━━━━━━━━━━━━━━━━━━━━
Running: S5-B (CAD 2D Real Connectors)
Script: /Users/huazhou/Downloads/Github/Yuantus/scripts/verify_cad_connectors_real_2d.sh
━━━━━━━━━━━━━━━━━━━━━━━━━━━━━━━━━━━━━━━━━━━━━━
==============================================
CAD 2D Real Connectors Verification
BASE_URL: http://127.0.0.1:7910
TENANT: tenant-1, ORG: org-1
HAOCHEN: /Users/huazhou/Downloads/训练图纸/训练图纸/J2824002-06上封头组件v2.dwg
ZHONGWANG: /Users/huazhou/Downloads/训练图纸/训练图纸/J2825002-09下轴承支架组件v2.dwg
CAD_EXTRACTOR_BASE_URL: http://localhost:8200
==============================================

==> Seed identity/meta
OK: Seeded identity/meta

==> Login as admin
OK: Admin login

==> [HAOCHEN] Upload + cad_extract
OK: HAOCHEN uploaded (file_id=857755a3-0133-4bd4-8c24-17dba9a98b10, job_id=61900759-a274-4a3b-871f-63dcc5379791)
cadquery not installed. STEP/IGES conversion will rely on FreeCAD/Trimesh.
cadquery not installed. STEP/IGES conversion will rely on FreeCAD/Trimesh.
cadquery not installed. STEP/IGES conversion will rely on FreeCAD/Trimesh.
cadquery not installed. STEP/IGES conversion will rely on FreeCAD/Trimesh.
cadquery not installed. STEP/IGES conversion will rely on FreeCAD/Trimesh.
Worker did not complete job (status=pending). Running direct processor...
cadquery not installed. STEP/IGES conversion will rely on FreeCAD/Trimesh.
Metadata OK
OK: HAOCHEN metadata verified
Attributes OK
OK: HAOCHEN attributes verified (part_number=J2824002-06)

==> [ZHONGWANG] Upload + cad_extract
OK: ZHONGWANG uploaded (file_id=74a0adef-773a-4c1b-b385-4c1bd22441b3, job_id=61e5e239-0bae-4f4f-88c2-add44fc01a19)
cadquery not installed. STEP/IGES conversion will rely on FreeCAD/Trimesh.
cadquery not installed. STEP/IGES conversion will rely on FreeCAD/Trimesh.
cadquery not installed. STEP/IGES conversion will rely on FreeCAD/Trimesh.
cadquery not installed. STEP/IGES conversion will rely on FreeCAD/Trimesh.
cadquery not installed. STEP/IGES conversion will rely on FreeCAD/Trimesh.
Worker did not complete job (status=pending). Running direct processor...
cadquery not installed. STEP/IGES conversion will rely on FreeCAD/Trimesh.
Metadata OK
OK: ZHONGWANG metadata verified
Attributes OK
OK: ZHONGWANG attributes verified (part_number=J2825002-09)

==============================================
CAD 2D Real Connectors Verification Complete
==============================================
ALL CHECKS PASSED
PASS: S5-B (CAD 2D Real Connectors)

━━━━━━━━━━━━━━━━━━━━━━━━━━━━━━━━━━━━━━━━━━━━━━
Running: S5-B (CAD 3D Connectors)
Script: /Users/huazhou/Downloads/Github/Yuantus/scripts/verify_cad_connectors_3d.sh
━━━━━━━━━━━━━━━━━━━━━━━━━━━━━━━━━━━━━━━━━━━━━━
==============================================
CAD 3D Connectors Verification
BASE_URL: http://127.0.0.1:7910
TENANT: tenant-1, ORG: org-1
==============================================

==> Seed identity/meta
OK: Seeded identity/meta

==> Login as admin
OK: Admin login

==> Create dummy 3D files
OK: Created files

==> Upload solidworks_part_1770164063.sldprt
OK: Uploaded file: deab1f4e-3186-4fa9-809c-8b138168bb1f
Metadata OK
OK: Metadata verified (SOLIDWORKS)

==> Upload solidworks_asm_1770164063.sldasm
OK: Uploaded file: 8784e806-d13d-4920-bd31-71d442647324
Metadata OK
OK: Metadata verified (SOLIDWORKS)

==> Upload nx_1770164063.prt
OK: Uploaded file: 71aa9a41-d5fd-4835-b36f-245d7af68d9a
Metadata OK
OK: Metadata verified (NX)

==> Upload creo_1770164063.prt
OK: Uploaded file: 907f3c05-6be3-45a0-acac-7de522b70e0e
Metadata OK
OK: Metadata verified (CREO)

==> Upload catia_1770164063.catpart
OK: Uploaded file: ad03351b-6b9c-45d2-8ff5-dccfaba85f1f
Metadata OK
OK: Metadata verified (CATIA)

==> Upload inventor_1770164063.ipt
OK: Uploaded file: c1e59917-ac66-439c-87d8-5590e198271d
Metadata OK
OK: Metadata verified (INVENTOR)

==> Upload auto_1770164063.prt
OK: Uploaded file: a97d7069-195d-4535-bef9-9650ddbe0148
Metadata OK
OK: Metadata verified (NX)

==> Cleanup
OK: Cleaned up temp files

==============================================
CAD 3D Connectors Verification Complete
==============================================
ALL CHECKS PASSED
PASS: S5-B (CAD 3D Connectors)

━━━━━━━━━━━━━━━━━━━━━━━━━━━━━━━━━━━━━━━━━━━━━━
Running: S5-C (CAD Attribute Sync)
Script: /Users/huazhou/Downloads/Github/Yuantus/scripts/verify_cad_sync.sh
━━━━━━━━━━━━━━━━━━━━━━━━━━━━━━━━━━━━━━━━━━━━━━
==============================================
CAD Attribute Sync Verification
BASE_URL: http://127.0.0.1:7910
TENANT: tenant-1, ORG: org-1
==============================================

==> Seed identity/meta
OK: Seeded identity/meta

==> Login as admin
OK: Admin login

==> Fetch Part ItemType properties
OK: Resolved property IDs

==> Configure CAD sync mapping
OK: CAD sync mapping configured

==> Create Part item
OK: Created Part: f305a98c-8fb7-4cf6-9329-761fd283de66

==> Upload CAD file and enqueue extract job
OK: Uploaded file: 125edff9-045d-4828-9f10-081b0592c179
OK: Created job: 91cd8e39-824a-41e3-baca-e71a6807604b

==> Run worker and wait for job completion
cadquery not installed. STEP/IGES conversion will rely on FreeCAD/Trimesh.
cadquery not installed. STEP/IGES conversion will rely on FreeCAD/Trimesh.
cadquery not installed. STEP/IGES conversion will rely on FreeCAD/Trimesh.
cadquery not installed. STEP/IGES conversion will rely on FreeCAD/Trimesh.
cadquery not installed. STEP/IGES conversion will rely on FreeCAD/Trimesh.
Worker did not complete job (status=pending). Running direct processor...
cadquery not installed. STEP/IGES conversion will rely on FreeCAD/Trimesh.
OK: Job completed (direct processor)

==> Verify CAD-synced properties
CAD sync mapping verified
OK: CAD sync mapping verified

==> Verify cad_extract attributes endpoint
cad_extract attributes verified
OK: cad_extract attributes verified

==> Cleanup
OK: Cleaned up temp file

==============================================
CAD Attribute Sync Verification Complete
==============================================
ALL CHECKS PASSED
PASS: S5-C (CAD Attribute Sync)

━━━━━━━━━━━━━━━━━━━━━━━━━━━━━━━━━━━━━━━━━━━━━━
Running: S5-C (CAD OCR Title Block)
Script: /Users/huazhou/Downloads/Github/Yuantus/scripts/verify_cad_ocr_titleblock.sh
━━━━━━━━━━━━━━━━━━━━━━━━━━━━━━━━━━━━━━━━━━━━━━
SKIP: CAD ML Vision not available at http://localhost:8001/api/v1/vision/health (HTTP 000000)
PASS: S5-C (CAD OCR Title Block)

━━━━━━━━━━━━━━━━━━━━━━━━━━━━━━━━━━━━━━━━━━━━━━
Running: S5-C (CAD Filename Parsing)
Script: /Users/huazhou/Downloads/Github/Yuantus/scripts/verify_cad_filename_parse.sh
━━━━━━━━━━━━━━━━━━━━━━━━━━━━━━━━━━━━━━━━━━━━━━
==============================================
CAD Filename Parsing Verification
DB: /tmp/yuantus_cad_filename_parse.db
Storage: /tmp/yuantus_cad_filename_storage
==============================================
ALL CHECKS PASSED
==============================================
CAD Filename Parsing Verification Complete
==============================================
PASS: S5-C (CAD Filename Parsing)

━━━━━━━━━━━━━━━━━━━━━━━━━━━━━━━━━━━━━━━━━━━━━━
Running: S5-C (CAD Attribute Normalization)
Script: /Users/huazhou/Downloads/Github/Yuantus/scripts/verify_cad_attribute_normalization.sh
━━━━━━━━━━━━━━━━━━━━━━━━━━━━━━━━━━━━━━━━━━━━━━
==============================================
CAD Attribute Normalization Verification
DB: /tmp/yuantus_cad_attr_norm.db
Storage: /tmp/yuantus_cad_attr_norm_storage
==============================================
cadquery not installed. STEP/IGES conversion will rely on FreeCAD/Trimesh.
ALL CHECKS PASSED
==============================================
CAD Attribute Normalization Verification Complete
==============================================
PASS: S5-C (CAD Attribute Normalization)

━━━━━━━━━━━━━━━━━━━━━━━━━━━━━━━━━━━━━━━━━━━━━━
Running: S5-B (CAD 2D Connector Coverage)
Script: /Users/huazhou/Downloads/Github/Yuantus/scripts/verify_cad_connector_coverage_2d.sh
━━━━━━━━━━━━━━━━━━━━━━━━━━━━━━━━━━━━━━━━━━━━━━
==============================================
CAD 2D Connector Coverage (offline)
Dir: /Users/huazhou/Downloads/训练图纸/训练图纸
Extensions: dwg
Max files: 0
Force unique: 0
==============================================
cadquery not installed. STEP/IGES conversion will rely on FreeCAD/Trimesh.
cadquery not installed. STEP/IGES conversion will rely on FreeCAD/Trimesh.
==============================================
CAD 2D Connector Coverage Complete
Haochen: /Users/huazhou/Downloads/Github/Yuantus/docs/CAD_CONNECTORS_COVERAGE_TRAINING_DWG_HAOCHEN.md
Zhongwang: /Users/huazhou/Downloads/Github/Yuantus/docs/CAD_CONNECTORS_COVERAGE_TRAINING_DWG_ZHONGWANG.md
==============================================
PASS: S5-B (CAD 2D Connector Coverage)

━━━━━━━━━━━━━━━━━━━━━━━━━━━━━━━━━━━━━━━━━━━━━━
Running: S5-B (CAD Connectors Config)
Script: /Users/huazhou/Downloads/Github/Yuantus/scripts/verify_cad_connectors_config.sh
━━━━━━━━━━━━━━━━━━━━━━━━━━━━━━━━━━━━━━━━━━━━━━
==============================================
CAD Connectors Config Verification
BASE_URL: http://127.0.0.1:7910
TENANT: tenant-1, ORG: org-1
==============================================

==> Seed identity/meta
OK: Seeded identity/meta

==> Login as admin
OK: Admin login

==> Reload connectors from config
OK: Reloaded connectors (custom_loaded=1)

==> Verify connector listing
OK: Connector list includes demo-cad

==> Import DEMO CAD file
OK: cad_format/connector_id resolved via config
OK: Imported file: 364b976b-207f-45f7-a36d-367aae96f5c1

==============================================
CAD Connectors Config Verification Complete
==============================================
ALL CHECKS PASSED
PASS: S5-B (CAD Connectors Config)

━━━━━━━━━━━━━━━━━━━━━━━━━━━━━━━━━━━━━━━━━━━━━━
Running: S5-C (CAD Sync Template)
Script: /Users/huazhou/Downloads/Github/Yuantus/scripts/verify_cad_sync_template.sh
━━━━━━━━━━━━━━━━━━━━━━━━━━━━━━━━━━━━━━━━━━━━━━
==============================================
CAD Sync Template Verification
BASE_URL: http://127.0.0.1:7910
TENANT: tenant-1, ORG: org-1
==============================================

==> Seed identity/meta
OK: Seeded identity/meta

==> Login as admin
OK: Admin login

==> Download CAD sync template
OK: Template downloaded

==> Build update template
OK: Template updated

==> Apply template
OK: Template applied

==> Verify Part ItemType properties
OK: Property mapping verified

==============================================
CAD Sync Template Verification Complete
==============================================
ALL CHECKS PASSED
PASS: S5-C (CAD Sync Template)

━━━━━━━━━━━━━━━━━━━━━━━━━━━━━━━━━━━━━━━━━━━━━━
Running: S5-C (CAD Auto Part)
Script: /Users/huazhou/Downloads/Github/Yuantus/scripts/verify_cad_auto_part.sh
━━━━━━━━━━━━━━━━━━━━━━━━━━━━━━━━━━━━━━━━━━━━━━
==============================================
CAD Auto Part Verification
BASE_URL: http://127.0.0.1:7910
TENANT: tenant-1, ORG: org-1
SAMPLE: /tmp/yuantus_cad_auto_part_1770164082.dwg
==============================================

==> Seed identity/meta
OK: Seeded identity/meta

==> Login as admin
OK: Admin login

==> Fetch Part ItemType properties
OK: Resolved property IDs

==> Import CAD with auto_create_part
OK: Created/linked Part: 837617c7-0643-4388-82e7-45a21845ffcb
OK: Imported File: 8bbd0c2e-200e-49df-9bd7-86466cabe219
OK: Attachment created: 24dc3e40-07c7-4de2-9dbe-c824d1e71d98

==> Verify Part properties
Part properties verified
OK: Part properties verified

==> Verify attachment list
Attachment verified
OK: Attachment verified

==> Cleanup
OK: Cleaned up temp file

==============================================
CAD Auto Part Verification Complete
==============================================
ALL CHECKS PASSED
PASS: S5-C (CAD Auto Part)

━━━━━━━━━━━━━━━━━━━━━━━━━━━━━━━━━━━━━━━━━━━━━━
Running: S5-C (CAD Extractor Stub)
Script: /Users/huazhou/Downloads/Github/Yuantus/scripts/verify_cad_extractor_stub.sh
━━━━━━━━━━━━━━━━━━━━━━━━━━━━━━━━━━━━━━━━━━━━━━
==============================================
CAD Extractor Stub Verification
BASE_URL: http://127.0.0.1:7910
TENANT: tenant-1, ORG: org-1
EXTRACTOR: http://127.0.0.1:49628
==============================================

==> Seed identity/meta
OK: Seeded identity/meta

==> Login as admin
OK: Admin login

==> Upload CAD file and enqueue extract job
OK: Uploaded file: 3900f3a4-da8c-466d-a8e7-1588b1c34fa5
OK: Created job: 7c6928e4-8e9d-417d-b86d-b7074241dd9f

==> Process cad_extract job (direct)
cadquery not installed. STEP/IGES conversion will rely on FreeCAD/Trimesh.
OK: Job completed

==> Verify extracted attributes source=external
OK: External extractor verified

==============================================
CAD Extractor Stub Verification Complete
==============================================
ALL CHECKS PASSED
PASS: S5-C (CAD Extractor Stub)

━━━━━━━━━━━━━━━━━━━━━━━━━━━━━━━━━━━━━━━━━━━━━━
Running: S5-C (CAD Extractor External)
Script: /Users/huazhou/Downloads/Github/Yuantus/scripts/verify_cad_extractor_external.sh
━━━━━━━━━━━━━━━━━━━━━━━━━━━━━━━━━━━━━━━━━━━━━━
==============================================
CAD Extractor External Verification
BASE_URL: http://127.0.0.1:7910
TENANT: tenant-1, ORG: org-1
EXTRACTOR: http://localhost:8200
SAMPLE: /Users/huazhou/Downloads/训练图纸/训练图纸/J2824002-06上封头组件v2.dwg
==============================================

==> Seed identity/meta
OK: Seeded identity/meta

==> Login as admin
OK: Admin login

==> Upload CAD file and enqueue extract job
OK: Uploaded file: b0a5a735-ff1f-4e9f-a12e-8f50918c9496
OK: Created job: c6cf2de5-fd88-46df-84e2-df65a88facce

==> Process cad_extract job (direct)
cadquery not installed. STEP/IGES conversion will rely on FreeCAD/Trimesh.
OK: Job completed

==> Verify extracted attributes source=external
OK: External extractor verified

==============================================
CAD Extractor External Verification Complete
==============================================
ALL CHECKS PASSED
PASS: S5-C (CAD Extractor External)

━━━━━━━━━━━━━━━━━━━━━━━━━━━━━━━━━━━━━━━━━━━━━━
Running: S5-C (CAD Extractor Service)
Script: /Users/huazhou/Downloads/Github/Yuantus/scripts/verify_cad_extractor_service.sh
━━━━━━━━━━━━━━━━━━━━━━━━━━━━━━━━━━━━━━━━━━━━━━
==============================================
CAD Extractor Service Verification
BASE_URL: http://localhost:8200
START_SERVICE: 0
==============================================
OK: Health check
OK: Extract response

==============================================
CAD Extractor Service Verification Complete
==============================================
ALL CHECKS PASSED
PASS: S5-C (CAD Extractor Service)

━━━━━━━━━━━━━━━━━━━━━━━━━━━━━━━━━━━━━━━━━━━━━━
Running: CAD Real Samples
Script: /Users/huazhou/Downloads/Github/Yuantus/scripts/verify_cad_real_samples.sh
━━━━━━━━━━━━━━━━━━━━━━━━━━━━━━━━━━━━━━━━━━━━━━
==============================================
CAD Real Samples Verification
BASE_URL: http://127.0.0.1:7910
TENANT: tenant-1, ORG: org-1
DWG: /Users/huazhou/Downloads/训练图纸/训练图纸/J2824002-06上封头组件v2.dwg
STEP: /Users/huazhou/Downloads/4000例CAD及三维机械零件练习图纸/机械CAD图纸/三维出二维图/CNC.stp
PRT: /Users/huazhou/Downloads/4000例CAD及三维机械零件练习图纸/机械CAD图纸/三维出二维图/model2.prt
CAD_EXTRACTOR_BASE_URL: http://localhost:8200
==============================================
OK: Seeded identity/meta
OK: Admin login

==> [DWG] Import + auto_create_part
OK: DWG imported (file_id=b0a5a735-ff1f-4e9f-a12e-8f50918c9496, item_id=d1ff77a4-8eb3-42b0-9849-579d8cda6b1d)
==> [DWG] Run cad_extract
cadquery not installed. STEP/IGES conversion will rely on FreeCAD/Trimesh.
OK: DWG cad_extract OK
==> [DWG] Run cad_preview
cadquery not installed. STEP/IGES conversion will rely on FreeCAD/Trimesh.
OK: DWG cad_preview OK
==> [DWG] Verify preview endpoint
OK: DWG preview endpoint HTTP 200
==> [DWG] Verify extracted attributes
OK: DWG attributes OK
==> [DWG] Verify auto-created Part
OK: DWG Part properties OK (item_number=J2824002-06)

==> [STEP] Import + auto_create_part
OK: STEP imported (file_id=36c71d40-b699-4244-8daf-3371ac041cf4, item_id=cee290db-5d06-49c6-a235-9df1d8ea692b)
==> [STEP] Run cad_extract
cadquery not installed. STEP/IGES conversion will rely on FreeCAD/Trimesh.
OK: STEP cad_extract OK
==> [STEP] Run cad_preview
cadquery not installed. STEP/IGES conversion will rely on FreeCAD/Trimesh.
OK: STEP cad_preview OK
==> [STEP] Verify preview endpoint
OK: STEP preview endpoint HTTP 200
==> [STEP] Verify extracted attributes
OK: STEP attributes OK
==> [STEP] Verify auto-created Part
OK: STEP Part properties OK (item_number=CNC)

==> [PRT] Import + auto_create_part
OK: PRT imported (file_id=4e56b06e-cb3e-470a-8736-c0f75583fd81, item_id=3e6fa7a2-9b78-434a-bdd4-745705c4e643)
==> [PRT] Run cad_extract
cadquery not installed. STEP/IGES conversion will rely on FreeCAD/Trimesh.
OK: PRT cad_extract OK
==> [PRT] Run cad_preview
cadquery not installed. STEP/IGES conversion will rely on FreeCAD/Trimesh.
OK: PRT cad_preview OK
==> [PRT] Verify preview endpoint
OK: PRT preview endpoint HTTP 200
==> [PRT] Verify extracted attributes
OK: PRT attributes OK
==> [PRT] Verify auto-created Part
OK: PRT Part properties OK (item_number=model2)

==============================================
CAD Real Samples Verification Complete
==============================================
ALL CHECKS PASSED
PASS: CAD Real Samples

━━━━━━━━━━━━━━━━━━━━━━━━━━━━━━━━━━━━━━━━━━━━━━
Running: Search Index
Script: /Users/huazhou/Downloads/Github/Yuantus/scripts/verify_search_index.sh
━━━━━━━━━━━━━━━━━━━━━━━━━━━━━━━━━━━━━━━━━━━━━━
==============================================
Search Index Verification
BASE_URL: http://127.0.0.1:7910
TENANT: tenant-1, ORG: org-1
==============================================

==> Seed identity/meta
OK: Seeded identity/meta

==> Login as admin
OK: Admin login

==> Create Part item
OK: Created Part: 550b740e-1fac-4981-afb4-2e7961e1d66c

==> Search by item_number
OK: Search found item by item_number

==> Update item name and re-search
OK: Search found item after update

==> Delete item and verify search removal
OK: Search removal validated

==============================================
Search Index Verification Complete
==============================================
ALL CHECKS PASSED
PASS: Search Index

━━━━━━━━━━━━━━━━━━━━━━━━━━━━━━━━━━━━━━━━━━━━━━
Running: Search Reindex
Script: /Users/huazhou/Downloads/Github/Yuantus/scripts/verify_search_reindex.sh
━━━━━━━━━━━━━━━━━━━━━━━━━━━━━━━━━━━━━━━━━━━━━━
==============================================
Search Reindex Verification
BASE_URL: http://127.0.0.1:7910
TENANT: tenant-1, ORG: org-1
==============================================

==> Seed identity/meta
OK: Seeded identity/meta

==> Login as admin
OK: Admin login

==> Create Part item
OK: Created Part: f86ab7eb-a239-4eca-87b1-964ceb353c11

==> Search status
OK: Search engine: db

==> Reindex
OK: Reindex completed (indexed=1579)

==> Search by item_number
OK: Search found item after reindex

==> Cleanup
OK: Deleted item

==============================================
Search Reindex Verification Complete
==============================================
ALL CHECKS PASSED
PASS: Search Reindex

━━━━━━━━━━━━━━━━━━━━━━━━━━━━━━━━━━━━━━━━━━━━━━
Running: Search ECO
Script: /Users/huazhou/Downloads/Github/Yuantus/scripts/verify_search_eco.sh
━━━━━━━━━━━━━━━━━━━━━━━━━━━━━━━━━━━━━━━━━━━━━━
==============================================
Search ECO Verification
BASE_URL: http://127.0.0.1:7910
TENANT: tenant-1, ORG: org-1
==============================================

==> Seed identity/meta
OK: Seeded identity/meta

==> Login as admin
OK: Admin login

==> Search ECO index status
OK: Search ECO engine: db

==> Create ECO product
OK: Created ECO product: 644565a8-117b-40e8-9946-b5eae76e65f3

==> Create ECO
OK: Created ECO: c48aad6b-b5b6-4284-a913-338deb91c93b

==> Search ECO by name
OK: Search by name

==> Search ECO by state
OK: Search by state

==============================================
Search ECO Verification Complete
==============================================
ALL CHECKS PASSED
PASS: Search ECO

━━━━━━━━━━━━━━━━━━━━━━━━━━━━━━━━━━━━━━━━━━━━━━
Running: Reports Summary
Script: /Users/huazhou/Downloads/Github/Yuantus/scripts/verify_reports_summary.sh
━━━━━━━━━━━━━━━━━━━━━━━━━━━━━━━━━━━━━━━━━━━━━━
==============================================
Reports Summary Verification
BASE_URL: http://127.0.0.1:7910
TENANT: tenant-1, ORG: org-1
==============================================

==> Seed identity/meta
OK: Seeded identity/meta

==> Login as admin
OK: Admin login

==> Create Part item
OK: Created Part: a64ff45d-3b08-495e-80a9-9a61bc634fde

==> Upload file
OK: Uploaded file: 2a2988e2-ef02-419b-b395-3dd90bb33dd0

==> Create ECO stage + ECO
OK: Created ECO: b63a14f6-9b04-493a-a1ab-fa82941f419c

==> Create job
OK: Created job: 7180395d-da86-4827-980d-7fe0e15da374

==> Fetch reports summary
Summary checks: OK
OK: Summary checks passed

==============================================
Reports Summary Verification Complete
==============================================
ALL CHECKS PASSED
PASS: Reports Summary
SKIP: Audit Logs (audit_enabled=False)
SKIP: S8 (Ops Monitoring) (audit_enabled=False)

━━━━━━━━━━━━━━━━━━━━━━━━━━━━━━━━━━━━━━━━━━━━━━
Running: S7 (Multi-Tenancy)
Script: /Users/huazhou/Downloads/Github/Yuantus/scripts/verify_multitenancy.sh
━━━━━━━━━━━━━━━━━━━━━━━━━━━━━━━━━━━━━━━━━━━━━━
==============================================
Multi-Tenancy Verification
BASE_URL: http://127.0.0.1:7910
TENANT_A: tenant-1, TENANT_B: tenant-2
ORG_A: org-1, ORG_B: org-2
==============================================

==> Seed identity/meta for tenant/org combos
OK: Seeded tenant/org schemas

==> Login for each tenant/org
OK: Login succeeded

==> Create Part in tenant A/org A and verify isolation
OK: Org + tenant isolation (A1)

==> Create Part in tenant A/org B and verify isolation
OK: Org isolation (A2)

==> Create Part in tenant B/org A and verify isolation
OK: Tenant isolation (B1)

==============================================
Multi-Tenancy Verification Complete
==============================================
ALL CHECKS PASSED
PASS: S7 (Multi-Tenancy)

━━━━━━━━━━━━━━━━━━━━━━━━━━━━━━━━━━━━━━━━━━━━━━
Running: S7 (Tenant Provisioning)
Script: /Users/huazhou/Downloads/Github/Yuantus/scripts/verify_tenant_provisioning.sh
━━━━━━━━━━━━━━━━━━━━━━━━━━━━━━━━━━━━━━━━━━━━━━
==============================================
Tenant Provisioning Verification
BASE_URL: http://127.0.0.1:7910
PLATFORM_TENANT: platform
NEW_TENANT: tenant-provision-1770164097
==============================================

==> Seed platform admin identity
OK: Platform admin seeded

==> Login as platform admin
OK: Platform admin login

==> Check platform admin access
SKIP: platform admin disabled
PASS: S7 (Tenant Provisioning)

━━━━━━━━━━━━━━━━━━━━━━━━━━━━━━━━━━━━━━━━━━━━━━
Running: Where-Used API
Script: /Users/huazhou/Downloads/Github/Yuantus/scripts/verify_where_used.sh
━━━━━━━━━━━━━━━━━━━━━━━━━━━━━━━━━━━━━━━━━━━━━━
==============================================
Where-Used API Verification
BASE_URL: http://127.0.0.1:7910
TENANT: tenant-1, ORG: org-1
==============================================

==> Seed identity (admin user)
OK: Identity seeded

==> Seed meta schema
OK: Meta schema seeded

==> Login as admin
OK: Admin login

==> Create test items for BOM hierarchy
OK: Created assembly: c09ef784-f168-49d9-9c96-7d7cd9f143f3
OK: Created sub-assembly: 7d58993f-4825-4453-a5c4-2d0ef3099a47
OK: Created component: 4c7a22fb-6f68-4674-804c-c144758b6107
OK: Created second assembly: 57693ccc-25c0-4110-9c68-634959c21c6e

==> Build BOM hierarchy
OK: Added sub-assembly to assembly
OK: Added component to sub-assembly
OK: Added component to second assembly

BOM Structure:
  ASSEMBLY (c09ef784-f168-49d9-9c96-7d7cd9f143f3)
    └── SUB-ASSEMBLY (7d58993f-4825-4453-a5c4-2d0ef3099a47)
          └── COMPONENT (4c7a22fb-6f68-4674-804c-c144758b6107)
  ASSEMBLY2 (57693ccc-25c0-4110-9c68-634959c21c6e)
    └── COMPONENT (4c7a22fb-6f68-4674-804c-c144758b6107)

==> Test Where-Used (non-recursive)
Where-used response:
  item_id: 4c7a22fb-6f68-4674-804c-c144758b6107
  count: 2
OK: Non-recursive where-used: found 2 direct parents
Parent IDs found:
  - 7d58993f-4825-4453-a5c4-2d0ef3099a47
  - 57693ccc-25c0-4110-9c68-634959c21c6e

==> Test Where-Used (recursive)
Recursive where-used response:
  count: 3
OK: Recursive where-used: found 3 parents
Parents by level:
  Level 1: Sub-Assembly for Where-Used Test 1770164098
  Level 2: Assembly for Where-Used Test 1770164098
  Level 1: Second Assembly for Where-Used Test 1770164098

==> Test Where-Used on top-level item (no parents)
OK: Top-level item has no parents (count=0)

==> Test Where-Used on non-existent item
OK: Non-existent item returns 404 (HTTP 404)

==============================================
Where-Used API Verification Complete
==============================================

Summary:
  - BOM hierarchy creation: OK
  - Non-recursive where-used: OK (found 2 direct parents)
  - Recursive where-used: OK (found 3 total parents)
  - Top-level item (no parents): OK
  - Non-existent item handling: OK (404)

ALL CHECKS PASSED
PASS: Where-Used API

━━━━━━━━━━━━━━━━━━━━━━━━━━━━━━━━━━━━━━━━━━━━━━
Running: UI Product Detail
Script: /Users/huazhou/Downloads/Github/Yuantus/scripts/verify_product_detail.sh
━━━━━━━━━━━━━━━━━━━━━━━━━━━━━━━━━━━━━━━━━━━━━━
==============================================
Product Detail Mapping Verification
BASE_URL: http://127.0.0.1:7910
TENANT: tenant-1, ORG: org-1
==============================================

==> Seed identity/meta
OK: Seeded identity/meta

==> Login as admin
OK: Admin login

==> Create Part item
OK: Created Part: 3c1d11b1-0ccd-44c0-a26e-419ccd417cfe

==> Init version
OK: Init version: 4f8f4582-ba54-43d8-a86b-ddb850986808

==> Upload file
OK: Uploaded file: 516a4c35-8ea4-4d68-9013-cd2676a7b0cf

==> Attach file to item
OK: File attached to item

==> Fetch product detail
Product detail mapping: OK

==============================================
Product Detail Mapping Verification Complete
==============================================
ALL CHECKS PASSED
PASS: UI Product Detail

━━━━━━━━━━━━━━━━━━━━━━━━━━━━━━━━━━━━━━━━━━━━━━
Running: UI Product Summary
Script: /Users/huazhou/Downloads/Github/Yuantus/scripts/verify_product_ui.sh
━━━━━━━━━━━━━━━━━━━━━━━━━━━━━━━━━━━━━━━━━━━━━━
==============================================
Product UI Aggregation Verification
BASE_URL: http://127.0.0.1:7910
TENANT: tenant-1, ORG: org-1
==============================================

==> Seed identity/meta
OK: Seeded identity/meta

==> Login as admin
OK: Admin login

==> Create Parts
OK: Created Parts: parent=75a212df-38bd-4077-8e8d-8bb5cb6381ac child=fa6fc0c6-f833-44f6-bd4c-c54b4e38ad37

==> Add BOM child
OK: Added BOM line: 18c155da-e483-4ed9-8644-a35de055537b

==> Fetch parent product detail with BOM summary

==> Fetch child product detail with where-used summary
Product UI aggregation: OK

==============================================
Product UI Aggregation Verification Complete
==============================================
ALL CHECKS PASSED
PASS: UI Product Summary

━━━━━━━━━━━━━━━━━━━━━━━━━━━━━━━━━━━━━━━━━━━━━━
Running: UI Where-Used
Script: /Users/huazhou/Downloads/Github/Yuantus/scripts/verify_where_used_ui.sh
━━━━━━━━━━━━━━━━━━━━━━━━━━━━━━━━━━━━━━━━━━━━━━
==============================================
Where-Used UI Verification
BASE_URL: http://127.0.0.1:7910
TENANT: tenant-1, ORG: org-1
==============================================

==> Seed identity/meta
OK: Seeded identity/meta

==> Login as admin
OK: Admin login

==> Create Parts
OK: Created Parts: grand=bbc53a5c-5359-4d15-98cf-69496b0eabcb parent=1810ef59-c43c-40ac-9051-e2583b3b13a6 child=d3c49ea8-5373-46a3-9fc0-ac2350f669a1

==> Add BOM lines
OK: Added BOM lines: parent_rel=15178c64-c047-4401-ad51-78dc3ce97789 grand_rel=71b1dbb3-04da-414c-a730-ad35aa7896c8

==> Where-used (recursive)
Where-used UI payload: OK

==============================================
Where-Used UI Verification Complete
==============================================
ALL CHECKS PASSED
PASS: UI Where-Used

━━━━━━━━━━━━━━━━━━━━━━━━━━━━━━━━━━━━━━━━━━━━━━
Running: UI BOM
Script: /Users/huazhou/Downloads/Github/Yuantus/scripts/verify_bom_ui.sh
━━━━━━━━━━━━━━━━━━━━━━━━━━━━━━━━━━━━━━━━━━━━━━
==============================================
BOM UI Verification
BASE_URL: http://127.0.0.1:7910
TENANT: tenant-1, ORG: org-1
==============================================

==> Seed identity/meta
OK: Seeded identity/meta

==> Login as admin
OK: Admin login

==> Create Parts
OK: Created Parts

==> Add children to BOM
OK: Added BOM children

==> Add substitute to BOM line
OK: Added substitute: fc900fd3-42cf-440a-9580-88dcd5d619b9

==> Where-used

==> BOM compare (include child fields)

==> Substitutes list
BOM UI endpoints: OK

==============================================
BOM UI Verification Complete
==============================================
ALL CHECKS PASSED
PASS: UI BOM

━━━━━━━━━━━━━━━━━━━━━━━━━━━━━━━━━━━━━━━━━━━━━━
Running: UI Docs Approval
Script: /Users/huazhou/Downloads/Github/Yuantus/scripts/verify_docs_approval.sh
━━━━━━━━━━━━━━━━━━━━━━━━━━━━━━━━━━━━━━━━━━━━━━
==============================================
Docs + Approval Verification
BASE_URL: http://127.0.0.1:7910
TENANT: tenant-1, ORG: org-1
==============================================

==> Documents & Files
==============================================
Documents & Files Verification
BASE_URL: http://127.0.0.1:7910
TENANT: tenant-1, ORG: org-1
==============================================

==> Seed identity/meta
OK: Seeded identity/meta

==> Login as admin
OK: Admin login

==> Create Part
OK: Created Part: a289a15d-023b-4a74-b0af-362ba7d9a5ad

==> Upload file with metadata
OK: Uploaded file: e5ea2105-3d8f-4209-a788-07c023c460cb

==> Verify file metadata
OK: Metadata verified

==> Upload duplicate file (checksum dedupe)
OK: Dedupe returned same file id

==> Attach file to item
OK: Attachment created

==> Verify item attachment list
OK: Attachment list verified

==> Cleanup
OK: Cleaned up temp file

==============================================
Documents & Files Verification Complete
==============================================
ALL CHECKS PASSED
OK: Documents & files verified

==> Document lifecycle
==============================================
Document Lifecycle Verification
BASE_URL: http://127.0.0.1:7910
TENANT: tenant-1, ORG: org-1
==============================================

==> Seed identity/meta
OK: Seeded identity/meta

==> Login as admin
OK: Admin login

==> Create Document
OK: Created Document: b137c758-16a1-402a-ba48-d6dae64b526d

==> Initialize version
OK: Initial version 1.A

==> Verify initial state is Draft
OK: State Draft

==> Update Document in Draft
OK: Draft update

==> Promote to Review
OK: State Review

==> Promote to Released
OK: State Released

==> Update after Release should be blocked
OK: Update blocked (409)

==> Attach file after Release should be blocked
OK: Attach blocked (409)

==> Cleanup

==============================================
Document Lifecycle Verification Complete
==============================================
ALL CHECKS PASSED
OK: Document lifecycle verified

==> Login as admin
OK: Admin login

==> Create approval stage
OK: Created stage: c318542a-83e4-4946-b83e-cb10cef46f4e

==> Create ECO product
OK: Created product: f387bba6-8a73-449f-8786-9153ddd7ac51

==> Create ECO
OK: Created ECO: 5cf20928-3253-4a40-b0bb-fabebf960db2

==> Move ECO to approval stage
OK: Moved ECO to stage

==> Approve ECO
OK: Approved ECO: df8807ee-4ca9-4900-b192-1b7ada8c1d15

==> Verify ECO state and approvals
Approval flow: OK

==============================================
Docs + Approval Verification Complete
==============================================
ALL CHECKS PASSED
PASS: UI Docs Approval

━━━━━━━━━━━━━━━━━━━━━━━━━━━━━━━━━━━━━━━━━━━━━━
Running: UI Docs ECO Summary
Script: /Users/huazhou/Downloads/Github/Yuantus/scripts/verify_docs_eco_ui.sh
━━━━━━━━━━━━━━━━━━━━━━━━━━━━━━━━━━━━━━━━━━━━━━
==============================================
Docs + ECO UI Summary Verification
BASE_URL: http://127.0.0.1:7910
TENANT: tenant-1, ORG: org-1
==============================================

==> Seed identity/meta
OK: Seeded identity/meta

==> Login as admin
OK: Admin login

==> Ensure Document ItemTypes
OK: Document ItemTypes ensured

==> Create Part and Document
OK: Created Part=9f424069-dcff-46fc-8c7d-24fc47c669dd Document=0d46ce77-e8f9-46ab-86ab-37ea3a199d74

==> Link Document to Part
OK: Created Document relation

==> Create ECO stage and ECO
OK: Created ECO=f6fa6f03-3037-47c7-a81c-8e5666d77cee stage=18105740-6e13-46e7-bb2b-25d67403a154

==> Fetch product detail with document + ECO summary
Docs + ECO UI summary: OK

==============================================
Docs + ECO UI Summary Verification Complete
==============================================
ALL CHECKS PASSED
PASS: UI Docs ECO Summary

━━━━━━━━━━━━━━━━━━━━━━━━━━━━━━━━━━━━━━━━━━━━━━
Running: BOM Compare
Script: /Users/huazhou/Downloads/Github/Yuantus/scripts/verify_bom_compare.sh
━━━━━━━━━━━━━━━━━━━━━━━━━━━━━━━━━━━━━━━━━━━━━━
==============================================
BOM Compare Verification
BASE_URL: http://127.0.0.1:7910
TENANT: tenant-1, ORG: org-1
==============================================

==> Seed identity/meta
OK: Seeded identity/meta

==> Login as admin
OK: Admin login

==> Create parent items
OK: Created parents: A=c78abcec-9455-4941-b90e-93015189e477, B=394ac613-0a6f-4978-bb29-f6bf7af41784

==> Create child items
OK: Created children: X=bd724e0d-8f39-4707-920f-365b4c3961df, Y=f602a017-012d-450a-80ad-4e6c704d8eb5, Z=930ca4c9-daf6-47aa-8e70-c1c930a159b6

==> Build BOM A (baseline)
OK: BOM A created

==> Build BOM B (changed + added)
OK: BOM B created

==> Create substitute for CHILD_X in BOM B
OK: Substitute added: 41532f13-b0e8-449c-aa2a-7525b32dd12f

==> Compare BOM
BOM Compare: OK

==> Compare BOM (compare_mode=only_product)
BOM Compare only_product: OK

==> Compare BOM (compare_mode=num_qty)
BOM Compare num_qty: OK

==> Compare BOM (compare_mode=summarized)
BOM Compare summarized: OK

==============================================
BOM Compare Verification Complete
==============================================
ALL CHECKS PASSED
PASS: BOM Compare

━━━━━━━━━━━━━━━━━━━━━━━━━━━━━━━━━━━━━━━━━━━━━━
Running: BOM Compare Field Contract
Script: /Users/huazhou/Downloads/Github/Yuantus/scripts/verify_bom_compare_fields.sh
━━━━━━━━━━━━━━━━━━━━━━━━━━━━━━━━━━━━━━━━━━━━━━
==============================================
BOM Compare Field Contract Verification
BASE_URL: http://127.0.0.1:7910
TENANT: tenant-1, ORG: org-1
==============================================

==> Seed identity/meta
OK: Seeded identity/meta

==> Login as admin
OK: Admin login

==> Fetch BOM compare schema
BOM compare schema: OK
OK: Schema verified

==> Create Parts
OK: Created Parts: left=51c45c6b-28c9-4689-bafd-0530417ab657 right=005314a0-7c14-4e9e-ab76-814e82e3f769 child=5abdd7e1-8fe4-46a7-8728-303a0f32542c sub=3884bbf3-7ce4-4012-96b9-4df3cee0631e

==> Add BOM lines
OK: Added BOM lines: left_rel=cbb55bae-6ee4-4292-921d-f10aa447eabf right_rel=f38ccb1a-b7c5-42b6-b0fd-77328f68017b

==> Add substitute to left BOM line
OK: Added substitute: 93d9b003-eba3-43ce-9e29-422a975f125b

==> Compare BOMs
BOM compare field contract: OK

==============================================
BOM Compare Field Contract Verification Complete
==============================================
ALL CHECKS PASSED
PASS: BOM Compare Field Contract

━━━━━━━━━━━━━━━━━━━━━━━━━━━━━━━━━━━━━━━━━━━━━━
Running: Where-Used Line Schema
Script: /Users/huazhou/Downloads/Github/Yuantus/scripts/verify_where_used_schema.sh
━━━━━━━━━━━━━━━━━━━━━━━━━━━━━━━━━━━━━━━━━━━━━━
==============================================
Where-Used Line Schema Verification
BASE_URL: http://127.0.0.1:7910
TENANT: tenant-1, ORG: org-1
==============================================

==> Seed identity/meta
OK: Seeded identity/meta

==> Login as admin
OK: Admin login

==> Fetch where-used line schema
Where-used schema: OK
OK: Schema verified
ALL CHECKS PASSED
PASS: Where-Used Line Schema

━━━━━━━━━━━━━━━━━━━━━━━━━━━━━━━━━━━━━━━━━━━━━━
Running: Baseline
Script: /Users/huazhou/Downloads/Github/Yuantus/scripts/verify_baseline.sh
━━━━━━━━━━━━━━━━━━━━━━━━━━━━━━━━━━━━━━━━━━━━━━
==============================================
Baseline Verification
BASE_URL: http://127.0.0.1:7910
TENANT: tenant-1, ORG: org-1
==============================================

==> Seed identity/meta
OK: Seeded identity/meta

==> Login as admin
OK: Admin login

==> Create parent + children
OK: Created parent=e9697904-947e-48d7-9d42-4073466e4f31 children=0d8aaf86-2ae6-4805-be15-d4a67a32b3b0,8d751ab7-05e3-4d6c-87e2-2774cde30fb9

==> Build BOM (A -> B, C)
OK: BOM created

==> Create baseline
Baseline snapshot validated
OK: Baseline created: 068d278e-3971-46a2-93e2-41763f318a0b

==> Compare baseline vs current (expect no diffs)
No diff as expected
OK: Baseline compare (no diff)

==> Modify BOM (change qty + add new child)
OK: BOM updated

==> Compare baseline vs current (expect added + changed)
Diff validated
OK: Baseline compare (diff)

==> Create new baseline and compare baseline-to-baseline
Baseline-to-baseline diff validated
OK: Baseline2 compare

==============================================
Baseline Verification Complete
==============================================
ALL CHECKS PASSED
PASS: Baseline

━━━━━━━━━━━━━━━━━━━━━━━━━━━━━━━━━━━━━━━━━━━━━━
Running: Baseline Filters
Script: /Users/huazhou/Downloads/Github/Yuantus/scripts/verify_baseline_filters.sh
━━━━━━━━━━━━━━━━━━━━━━━━━━━━━━━━━━━━━━━━━━━━━━
==============================================
Baseline Filters Verification
BASE_URL: http://127.0.0.1:7910
TENANT: tenant-1, ORG: org-1
==============================================
OK: Seeded identity + meta
OK: Admin login
OK: Created Part
OK: Created baseline
OK: Type/scope/state filters
OK: Effective date range filters
==============================================
Baseline Filters Verification Complete
==============================================
ALL CHECKS PASSED
PASS: Baseline Filters

━━━━━━━━━━━━━━━━━━━━━━━━━━━━━━━━━━━━━━━━━━━━━━
Running: BOM Substitutes
Script: /Users/huazhou/Downloads/Github/Yuantus/scripts/verify_substitutes.sh
━━━━━━━━━━━━━━━━━━━━━━━━━━━━━━━━━━━━━━━━━━━━━━
==============================================
BOM Substitutes Verification
BASE_URL: http://127.0.0.1:7910
TENANT: tenant-1, ORG: org-1
==============================================

==> Seed identity/meta
OK: Seeded identity/meta

==> Login as admin
OK: Admin login

==> Create parent/child/substitute items
OK: Created parent=9367e4c2-36a3-40c6-9f48-e234dbf4d19d child=a2895684-5871-44d6-a747-ed8a4b47eedd substitutes=78613576-340e-4b4a-b6e3-d65b52c8b4b6,136b3adc-b684-4c16-ba02-de8aa305b5f3

==> Create BOM line (parent -> child)
OK: Created BOM line: f0455039-2618-4876-8974-41e11870ad93

==> Add substitute 1
OK: Added substitute 1: 3e7971d5-4c64-4a6a-bd88-f7350eb1486d

==> List substitutes (expect 1)
OK: List count=1

==> Add substitute 2
OK: Added substitute 2: 71ba7cf1-55d5-4504-abd0-aee85ea48c2c

==> Duplicate add (should 400)
OK: Duplicate add blocked (400)

==> Remove substitute 1
OK: Removed substitute 1

==> List substitutes (expect 1 remaining)
OK: List count=1 after delete

==============================================
BOM Substitutes Verification Complete
==============================================
ALL CHECKS PASSED
PASS: BOM Substitutes

━━━━━━━━━━━━━━━━━━━━━━━━━━━━━━━━━━━━━━━━━━━━━━
Running: MBOM Convert
Script: /Users/huazhou/Downloads/Github/Yuantus/scripts/verify_mbom_convert.sh
━━━━━━━━━━━━━━━━━━━━━━━━━━━━━━━━━━━━━━━━━━━━━━
==============================================
MBOM Conversion Verification
BASE_URL: http://127.0.0.1:7910
TENANT: tenant-1, ORG: org-1
==============================================

==> Seed identity/meta
OK: Seeded identity/meta

==> Login as admin
OK: Admin login

==> Create EBOM parts
OK: Created EBOM root=cedb9707-110a-4918-9cc2-21ce295ba70c child=b629193c-499d-4fc8-b64a-baeea464df5c substitute=ed0767f9-43ce-4b3e-9370-73ea9491477a

==> Create EBOM BOM line
OK: EBOM BOM line: 5cabea05-25eb-43b6-80d2-e89fa923c86b

==> Add substitute to EBOM BOM line
OK: EBOM substitute relation: ea18882b-95c4-405f-8020-8e8f81479840

==> Convert EBOM -> MBOM
OK: MBOM root: d15144e3-acf4-46c6-ad7c-8362a4420f6e

==> Validate MBOM root via AML
OK: MBOM root AML verified

==> Validate MBOM tree endpoint
OK: MBOM tree endpoint verified

==> Validate MBOM structure in DB
MBOM structure: OK
OK: MBOM structure verified

==============================================
MBOM Conversion Verification Complete
==============================================
ALL CHECKS PASSED
PASS: MBOM Convert

━━━━━━━━━━━━━━━━━━━━━━━━━━━━━━━━━━━━━━━━━━━━━━
Running: Item Equivalents
Script: /Users/huazhou/Downloads/Github/Yuantus/scripts/verify_equivalents.sh
━━━━━━━━━━━━━━━━━━━━━━━━━━━━━━━━━━━━━━━━━━━━━━
==============================================
Equivalent Parts Verification
BASE_URL: http://127.0.0.1:7910
TENANT: tenant-1, ORG: org-1
==============================================

==> Seed identity/meta
OK: Seeded identity/meta

==> Login as admin
OK: Admin login

==> Create test parts
OK: Created parts A=1f55ef92-3bf0-4e3e-9232-601a107c769b B=690a7a19-3543-4311-9e07-16a73c1918b2 C=a404ec90-b828-4dd6-8721-ae2e75c17aab

==> Add equivalent A <-> B
OK: Added equivalent A-B: 6e8964e0-1499-4ad4-9324-353d8a09eb62

==> Add equivalent A <-> C
OK: Added equivalent A-C: 283b6e93-07c3-4822-b73e-a2ea5ebb0ba6

==> List equivalents for A (expect 2)
OK: List A count=2 with B,C

==> List equivalents for B (expect 1: A)
OK: List B count=1 with A

==> Duplicate add (B -> A, expect 400)
OK: Duplicate add blocked (400)

==> Self add (A -> A, expect 400)
OK: Self-equivalence blocked (400)

==> Remove equivalent A-B
OK: Removed equivalent A-B

==> List equivalents for B (expect 0)
OK: List B count=0

==> List equivalents for A (expect 1)
OK: List A count=1

==============================================
Equivalent Parts Verification Complete
==============================================
ALL CHECKS PASSED
PASS: Item Equivalents

━━━━━━━━━━━━━━━━━━━━━━━━━━━━━━━━━━━━━━━━━━━━━━
Running: Version-File Binding
Script: /Users/huazhou/Downloads/Github/Yuantus/scripts/verify_version_files.sh
━━━━━━━━━━━━━━━━━━━━━━━━━━━━━━━━━━━━━━━━━━━━━━
==============================================
Version-File Binding Verification
BASE_URL: http://127.0.0.1:7910
TENANT: tenant-1, ORG: org-1
==============================================

==> Seed identity/meta
OK: Seeded identity/meta

==> Login as admin
OK: Admin login

==> Login as viewer
OK: Viewer login

==> Create Part item
OK: Created Part: 2a179e39-063d-4f6f-a9b6-027bec6f0581

==> Init version
OK: Init version: bec359ad-7341-43a4-a8b9-805e98dd53f0

==> Upload file
OK: Uploaded file: f1d28445-e85c-42fc-807b-1fb7b5f6dad5

==> Attach file to version without checkout should be blocked (409)
OK: Attach to version blocked without checkout

==> Attach file to item (native_cad)
OK: File attached to item

==> Checkout version (lock files)
OK: Checked out version

==> Attach file to version (owner)
OK: Attached file to version

==> Viewer attach should be blocked (409)
OK: Attach blocked for non-owner

==> Checkin version (sync files)
OK: Checked in version

==> Verify version files
Version files synced: OK

==============================================
Version-File Binding Verification Complete
==============================================
ALL CHECKS PASSED
PASS: Version-File Binding

==============================================
REGRESSION TEST SUMMARY
==============================================

Test Suite                Result
------------------------- ------
Ops Health                PASS
Run H (Core APIs)         PASS
S2 (Documents & Files)    PASS
Document Lifecycle        PASS
Part Lifecycle            PASS
S1 (Meta + RBAC)          PASS
S7 (Quotas)               PASS
S3.1 (BOM Tree)           PASS
S3.2 (BOM Effectivity)    PASS
S12 (Config Variants)     SKIP
S3.3 (Versions)           PASS
S4 (ECO Advanced)         PASS
S5-A (CAD Pipeline S3)    PASS
S5-B (CAD 2D Connectors)  PASS
S5-B (CAD 2D Real Connectors) PASS
S5-B (CAD 2D Connector Coverage) PASS
S5-C (CAD Attribute Sync) PASS
S5-B (CAD Connectors Config) PASS
S5-C (CAD Sync Template)  PASS
S5-C (CAD Auto Part)      PASS
S5-C (CAD Extractor Stub) PASS
S5-C (CAD Extractor External) PASS
S5-C (CAD Extractor Service) PASS
CAD Real Samples          PASS
Search Index              PASS
Search Reindex            PASS
Search ECO                PASS
Reports Summary           PASS
Audit Logs                SKIP
S8 (Ops Monitoring)       SKIP
S7 (Multi-Tenancy)        PASS
S7 (Tenant Provisioning)  PASS
Where-Used API            PASS
UI Product Detail         PASS
UI Product Summary        PASS
UI Where-Used             PASS
UI BOM                    PASS
UI Docs Approval          PASS
UI Docs ECO Summary       PASS
BOM Compare               PASS
Baseline                  PASS
Baseline Filters          PASS
BOM Substitutes           PASS
MBOM Convert              PASS
Item Equivalents          PASS
Version-File Binding      PASS

----------------------------------------------
PASS: 50  FAIL: 0  SKIP: 4
----------------------------------------------

ALL TESTS PASSED
