==============================================
YuantusPLM End-to-End Regression Suite
==============================================
BASE_URL: http://127.0.0.1:7910
TENANT: tenant-1, ORG: org-1
CLI: .venv/bin/yuantus
==============================================

==> Pre-flight checks
CLI: OK
Python: OK
Checking API health...
API Health: OK (HTTP 200)

Pre-flight checks passed. Starting tests...

━━━━━━━━━━━━━━━━━━━━━━━━━━━━━━━━━━━━━━━━━━━━━━
Running: Ops Health
Script: /Users/huazhou/Downloads/Github/Yuantus/scripts/verify_ops_health.sh
━━━━━━━━━━━━━━━━━━━━━━━━━━━━━━━━━━━━━━━━━━━━━━
==============================================
Ops Health Verification
BASE_URL: http://127.0.0.1:7910
TENANT: tenant-1, ORG: org-1
==============================================

==> /health
Health: OK
OK: /health ok

==> /health/deps
Health deps: OK
OK: /health/deps ok

==============================================
Ops Health Verification Complete
==============================================
ALL CHECKS PASSED
PASS: Ops Health

━━━━━━━━━━━━━━━━━━━━━━━━━━━━━━━━━━━━━━━━━━━━━━
Running: Run H (Core APIs)
Script: /Users/huazhou/Downloads/Github/Yuantus/scripts/verify_run_h.sh
━━━━━━━━━━━━━━━━━━━━━━━━━━━━━━━━━━━━━━━━━━━━━━
==> Migrate tenant DB
Using DB URL: sqlite:///yuantus_mt_skip__tenant-1__org-1.db
INFO  [alembic.runtime.migration] Context impl SQLiteImpl.
INFO  [alembic.runtime.migration] Will assume non-transactional DDL.
==> Seed identity/meta
==> Login
==> Health
Health: OK
==> Meta metadata (Part)
Meta metadata: OK
==> AML add/get
AML add: OK (part_id=61faafda-75be-4324-a581-aa130797e3dc)
AML get: OK
==> Search
Search: OK
==> RPC Item.create
RPC Item.create: OK (part_id=2e14240d-aee9-46d5-b6be-0f394642c527)
==> File upload/download
File upload: OK (file_id=d856ad4c-e319-4e13-8818-43601b32f6fd)
File metadata: OK
File download: OK (http=200)
==> BOM effective
BOM effective: OK
==> Plugins
Plugins list: OK
Plugins ping: OK
==> ECO full flow
ECO stage: OK (stage_id=e33334b4-f09c-4ed0-9bdf-ecbd7f537e3b)
ECO create: OK (eco_id=de3cfc83-e66e-440a-a1a7-ba2397228849)
ECO new-revision: OK (version_id=973a0224-5c16-43c2-aac7-77929178e3f2)
ECO approve: OK
ECO apply: OK
==> Versions history/tree
Versions history: OK
Versions tree: OK
==> Integrations health (should be 200 even if services down)
Integrations health: OK (ok=False)

ALL CHECKS PASSED
PASS: Run H (Core APIs)

━━━━━━━━━━━━━━━━━━━━━━━━━━━━━━━━━━━━━━━━━━━━━━
Running: S2 (Documents & Files)
Script: /Users/huazhou/Downloads/Github/Yuantus/scripts/verify_documents.sh
━━━━━━━━━━━━━━━━━━━━━━━━━━━━━━━━━━━━━━━━━━━━━━
==============================================
Documents & Files Verification
BASE_URL: http://127.0.0.1:7910
TENANT: tenant-1, ORG: org-1
==============================================

==> Seed identity/meta
OK: Seeded identity/meta

==> Login as admin
OK: Admin login

==> Create Part
OK: Created Part: e7eba294-6e1e-4cd3-920a-f796be75876d

==> Upload file with metadata
OK: Uploaded file: bed14205-7a09-4b82-bac3-7be0d04d541e

==> Verify file metadata
OK: Metadata verified

==> Upload duplicate file (checksum dedupe)
OK: Dedupe returned same file id

==> Attach file to item
OK: Attachment created

==> Verify item attachment list
OK: Attachment list verified

==> Cleanup
OK: Cleaned up temp file

==============================================
Documents & Files Verification Complete
==============================================
ALL CHECKS PASSED
PASS: S2 (Documents & Files)

━━━━━━━━━━━━━━━━━━━━━━━━━━━━━━━━━━━━━━━━━━━━━━
Running: Document Lifecycle
Script: /Users/huazhou/Downloads/Github/Yuantus/scripts/verify_document_lifecycle.sh
━━━━━━━━━━━━━━━━━━━━━━━━━━━━━━━━━━━━━━━━━━━━━━
==============================================
Document Lifecycle Verification
BASE_URL: http://127.0.0.1:7910
TENANT: tenant-1, ORG: org-1
==============================================

==> Seed identity/meta
OK: Seeded identity/meta

==> Login as admin
OK: Admin login

==> Create Document
OK: Created Document: f6689f71-e2ea-45ed-aae3-7afd77bcbbd6

==> Initialize version
OK: Initial version 1.A

==> Verify initial state is Draft
OK: State Draft

==> Update Document in Draft
OK: Draft update

==> Promote to Review
OK: State Review

==> Promote to Released
OK: State Released

==> Update after Release should be blocked
OK: Update blocked (409)

==> Attach file after Release should be blocked
OK: Attach blocked (409)

==> Cleanup

==============================================
Document Lifecycle Verification Complete
==============================================
ALL CHECKS PASSED
PASS: Document Lifecycle

━━━━━━━━━━━━━━━━━━━━━━━━━━━━━━━━━━━━━━━━━━━━━━
Running: Part Lifecycle
Script: /Users/huazhou/Downloads/Github/Yuantus/scripts/verify_part_lifecycle.sh
━━━━━━━━━━━━━━━━━━━━━━━━━━━━━━━━━━━━━━━━━━━━━━
==============================================
Part Lifecycle Verification
BASE_URL: http://127.0.0.1:7910
TENANT: tenant-1, ORG: org-1
==============================================

==> Seed identity/meta
OK: Seeded identity/meta

==> Login as admin
OK: Admin login

==> Create Parts
OK: Created parent=840832f5-263e-4970-b24c-9970606cc86d child=a27e073c-e638-46df-b55d-37d9caaf9864 child2=c8c08277-ca0a-430f-985c-e46e4df84f4f

==> Add BOM child in Draft
OK: BOM relationship f97c0054-5fe9-4df1-bc77-9254251100e4

==> Promote to Review
OK: State Review

==> Promote to Released
OK: State Released

==> Update after Release should be blocked
OK: Update blocked (409)

==> BOM add after Release should be blocked
OK: BOM add blocked (409)

==> BOM remove after Release should be blocked
OK: BOM delete blocked (409)

==> Attach file after Release should be blocked
OK: Attach blocked (409)

==> Cleanup

==============================================
Part Lifecycle Verification Complete
==============================================
ALL CHECKS PASSED
PASS: Part Lifecycle

━━━━━━━━━━━━━━━━━━━━━━━━━━━━━━━━━━━━━━━━━━━━━━
Running: S1 (Meta + RBAC)
Script: /Users/huazhou/Downloads/Github/Yuantus/scripts/verify_permissions.sh
━━━━━━━━━━━━━━━━━━━━━━━━━━━━━━━━━━━━━━━━━━━━━━
==> Seed identity (admin + viewer)
Created user: admin (superuser)
==> Seed meta schema
==> Login as admin
Admin login: OK
==> Ensure viewer identity (server) is non-superuser
Viewer identity: OK (id=2085654040)
==> Configure PermissionSets
Created PermissionSet: ReadOnly-1770105402
ACE viewer (read-only): OK
ACE admin (full): OK
==> Assign PermissionSet to ItemTypes
Assigned permission to Part: OK
Assigned permission to Part BOM: OK
==> Admin creates Part (should succeed)
Admin AML add Part: OK (part_id=0d82e10a-6192-4160-9529-84ea98d53518)
Admin created child Part: OK (child_id=6f20bc08-cdbb-4cd8-a867-533a1e0d4a0e)
==> Login as viewer
Viewer login: OK
==> Viewer READ operations (should succeed)
Viewer AML get Part: OK (200)
Viewer search: OK (200)
Viewer BOM effective: OK (200)
==> Viewer WRITE operations (should fail with 403)
Viewer AML add Part: BLOCKED (403) - EXPECTED
Viewer BOM add child: BLOCKED (403) - EXPECTED
Viewer AML update Part: BLOCKED (403) - EXPECTED
==> Admin WRITE operations (should succeed)
Admin BOM add child: OK
Admin AML update Part: OK
==> Viewer can read updated BOM tree
Viewer BOM tree with children: OK (200)

ALL CHECKS PASSED
PASS: S1 (Meta + RBAC)

━━━━━━━━━━━━━━━━━━━━━━━━━━━━━━━━━━━━━━━━━━━━━━
Running: S7 (Quotas)
Script: /Users/huazhou/Downloads/Github/Yuantus/scripts/verify_quotas.sh
━━━━━━━━━━━━━━━━━━━━━━━━━━━━━━━━━━━━━━━━━━━━━━
==> Seed identity + meta
==> Login as admin
==> Read current quota usage
SKIP: quota mode is 'disabled' (expected enforce)
PASS: S7 (Quotas)

━━━━━━━━━━━━━━━━━━━━━━━━━━━━━━━━━━━━━━━━━━━━━━
Running: S3.1 (BOM Tree)
Script: /Users/huazhou/Downloads/Github/Yuantus/scripts/verify_bom_tree.sh
━━━━━━━━━━━━━━━━━━━━━━━━━━━━━━━━━━━━━━━━━━━━━━
==> Seed identity
Created admin user
==> Seed meta schema
==> Login as admin
Admin login: OK
==> Create test parts for BOM tree
Created Part A: 1dbdaf5d-8fa3-43f1-a5be-de773226e745
Created Part B: 90eea9b9-5794-4070-9ab0-7f303a923286
Created Part C: 4d24af4e-9527-438f-9e5e-21bbd0131869
Created Part D: 67d4ffd7-a631-4349-b104-112859615339
==> Build BOM structure: A -> B -> C, B -> D
Adding B as child of A...
A -> B relationship created: 44a31a6b-5b46-4117-8a91-593cdda6b186
Adding C as child of B...
B -> C relationship created: 870d8882-fc0a-47d9-a8f5-ab4c399002f7
Adding D as child of B...
B -> D relationship created: 9e687c82-631a-4e62-b048-9ad500fde635
BOM structure created: OK
==> Test BOM tree query with depth
Full tree (depth=10): Level 1 has 1 child (B): OK
Full tree (depth=10): Level 2 has 2 children (C, D): OK
Limited tree (depth=1): Only shows B with no grandchildren: OK
==> Test cycle detection (C -> A should be 409)
Cycle detection: C -> A returned 409: OK
Cycle error type: CYCLE_DETECTED: OK
Cycle path returned: ['4d24af4e-9527-438f-9e5e-21bbd0131869', '1dbdaf5d-8fa3-43f1-a5be-de773226e745', '90eea9b9-5794-4070-9ab0-7f303a923286', '4d24af4e-9527-438f-9e5e-21bbd0131869']: OK
==> Test self-reference cycle (A -> A should be 409)
Self-reference cycle: A -> A returned 409: OK
==> Test duplicate add (A -> B again should fail)
Duplicate add: A -> B again returned 400: OK
==> Test remove child (B -> D)
Remove child: B -> D deleted: OK
After delete: Level 2 has 1 child (C only): OK
==> Test remove non-existent relationship
Remove non-existent: A -> D (never existed) returned 404: OK

ALL CHECKS PASSED
PASS: S3.1 (BOM Tree)

━━━━━━━━━━━━━━━━━━━━━━━━━━━━━━━━━━━━━━━━━━━━━━
Running: S3.2 (BOM Effectivity)
Script: /Users/huazhou/Downloads/Github/Yuantus/scripts/verify_bom_effectivity.sh
━━━━━━━━━━━━━━━━━━━━━━━━━━━━━━━━━━━━━━━━━━━━━━
Date context: TODAY=2026-02-03T07:56:45Z, NEXT_WEEK=2026-02-10T07:56:45Z, LAST_WEEK=2026-01-27T07:56:45Z
==> Seed identity (admin + viewer)
Created users: admin (superuser), viewer (no write)
==> Seed meta schema
==> Login as admin
Admin login: OK
==> Configure PermissionSets
Permissions configured: OK
==> Create test parts
Created Part A (parent): 09d3a6d6-2308-4b90-a461-55658d125dab
Created Part B (future child): f78ad78d-e119-4a4b-ba25-dd85f9c41263
Created Part C (current child): daa09176-bc63-4a6a-809e-4e84a2b45372
Created Part D (expired child): 935ec266-27f4-4e3a-904e-289cbe2dc82d
==> Build BOM with effectivity dates
Adding B to A (effective from next week)...
A -> B relationship: f5b555cc-e361-4347-a4b6-d435d9c6e7a2, effectivity_id: 2b269b09-f925-4b66-abb7-c8593eb28b9b
Adding C to A (effective from last week, always visible now)...
A -> C relationship: 2a8778a7-9f0b-468d-bc9d-09788870cb25
Adding D to A (expired - ended last week)...
A -> D relationship: 77802ac6-cef7-4ce4-8d27-168a638f0ec6
BOM with effectivity created: OK
==> Query effective BOM at TODAY (should only see C)
Effective BOM at TODAY: 1 child (C only): OK
==> Query effective BOM at NEXT_WEEK (should see B and C)
Effective BOM at NEXT_WEEK: 2 children (B and C): OK
==> Query effective BOM at LAST_WEEK (should see C and D)
Effective BOM at LAST_WEEK: 2 children (C and D): OK
==> RBAC: Viewer cannot add BOM children (should be 403)
Viewer login: OK
Viewer add BOM child: BLOCKED (403) - EXPECTED
==> RBAC: Viewer can read effective BOM (should be 200)
Viewer read effective BOM: OK (200)
==> Delete BOM line (A -> B) and verify Effectivity CASCADE
Delete A -> B relationship: OK
After delete: NEXT_WEEK shows 1 child (C only): OK

ALL CHECKS PASSED
PASS: S3.2 (BOM Effectivity)
SKIP: S12 (Config Variants) (RUN_CONFIG_VARIANTS=0)

━━━━━━━━━━━━━━━━━━━━━━━━━━━━━━━━━━━━━━━━━━━━━━
Running: S3.3 (Versions)
Script: /Users/huazhou/Downloads/Github/Yuantus/scripts/verify_versions.sh
━━━━━━━━━━━━━━━━━━━━━━━━━━━━━━━━━━━━━━━━━━━━━━
==> Seed identity
Created admin user
==> Seed meta schema
==> Login as admin
Admin login: OK
==> Create versionable Part
Created Part: 1c7b2e68-8d84-4e3a-af92-a726135ef603
==> Initialize version (expecting 1.A)
Initial version: 1.A (generation=1, revision=A): OK
==> Revise version (1.A -> 1.B)
Revised version: 1.B: OK
==> Revise version again (1.B -> 1.C)
Revised version: 1.C: OK
==> Get version tree
Version tree has 3 versions (1.A, 1.B, 1.C): OK
Version tree labels: 1.A,1.B,1.C: OK
==> Get version history
Version history has 3 entries: OK
==> Test revision calculation
Letter scheme: A -> B: OK
Letter scheme: Z -> AA: OK
Number scheme: 1 -> 2: OK
==> Test revision comparison
Revision compare: A < C: OK
==> Test iteration within version
Created iteration: 1.C.1: OK
Created iteration: 1.C.2: OK
Latest iteration is 1.C.2: OK
==> Test version comparison
Version comparison (1.A vs 1.B): OK
==> Create revision scheme
Created revision scheme (number, starts at 1): OK
Revision schemes list: 21 scheme(s): OK
==> Test checkout/checkin flow
Checkout: locked by user 1057719384: OK
Checkin: unlocked: OK

==============================================
VERSION SEMANTICS SUMMARY
==============================================
Version Label Format: {generation}.{revision}
  - Generation: 1, 2, 3, ...
  - Revision: A, B, C, ..., Z, AA, AB, ...
  - Example: 1.A, 1.B, 2.A, 2.AA

Iteration Format: {version_label}.{iteration}
  - Example: 1.A.1, 1.A.2, 1.B.1

Revision Schemes:
  - letter (default): A -> B -> ... -> Z -> AA
  - number: 1 -> 2 -> 3 -> ...
  - hybrid: A1 -> A2 -> ... -> A99 -> B1
==============================================

ALL CHECKS PASSED
PASS: S3.3 (Versions)

━━━━━━━━━━━━━━━━━━━━━━━━━━━━━━━━━━━━━━━━━━━━━━
Running: S4 (ECO Advanced)
Script: /Users/huazhou/Downloads/Github/Yuantus/scripts/verify_eco_advanced.sh
━━━━━━━━━━━━━━━━━━━━━━━━━━━━━━━━━━━━━━━━━━━━━━
==============================================
ECO Advanced Verification
BASE_URL: http://127.0.0.1:7910
TENANT: tenant-1, ORG: org-1
==============================================

==> Seed identity/meta
OK: Seeded identity/meta

==> Login (admin + viewer)
OK: Login succeeded

==> Create ECO stage (approval_roles=admin)
OK: Stage created: c9f7bd66-3a30-442f-afc2-12dcbae2bce9

==> Create product + assembly
OK: Created product: f70b2d6f-54f9-4ab6-9bc2-adaf98fa5987
OK: Created assembly: aa5e648e-4515-41d9-a260-df7546c0f943

==> Init product version
OK: Initial version: 6519d38f-7e81-471c-ac29-6d6b881e1844

==> Build where-used link (assembly -> product)
OK: Where-used link created

==> Upload file + attach to product
OK: File attached (status=created)

==> Checkout + checkin to sync version files
OK: Version checked in after file binding
Initial version files: OK
OK: Version files synced

==> Create ECO (for product)
OK: ECO1 created: 901ad52e-1222-4b65-91ac-abed602d24f0

==> Move ECO1 to approval stage
OK: ECO1 moved to stage

==> SLA overdue check + notify
Overdue list: OK
OK: Overdue list validated
Overdue notifications: OK
OK: Overdue notifications sent

==> Create ECO target version
OK: Target version: 9491ec82-d9ca-4e17-9c0a-73bafb946291

==> Resolve target version timestamp
OK: Target created_at: 2026-02-03T07:56:49.756807

==> ECO apply + verify version files synced to item
OK: ECO1 applied
Item files synced: OK
Target version files: OK
OK: ECO apply file sync validated

==> Add new BOM line effective from target version date
OK: Effective BOM line added

==> ECO BOM diff (expect added child)
BOM diff: OK
OK: BOM diff validated

==> ECO BOM diff (compare_mode=only_product)
BOM diff only_product: OK
OK: BOM diff compare_mode validated

==> ECO impact analysis (include files + bom diff + version diff)
Impact analysis: OK
OK: Impact analysis validated

==> ECO impact export (csv/xlsx/pdf)
Impact export files: OK
OK: Impact export validated

==> Create ECO2 for batch approvals
OK: ECO2 created/moved: 132ec891-e55d-480e-9a84-a40fb4df012a

==> Batch approve as admin
Batch approvals (admin): OK
OK: Admin batch approvals validated

==> Verify ECO states are approved
OK: ECO states approved

==> Batch approve as viewer (expect denied)
Batch approvals (viewer denied): OK
OK: Viewer batch approvals denied

==============================================
ECO Advanced Verification Complete
==============================================
ALL CHECKS PASSED
PASS: S4 (ECO Advanced)

━━━━━━━━━━━━━━━━━━━━━━━━━━━━━━━━━━━━━━━━━━━━━━
Running: S5-A (CAD Pipeline S3)
Script: /Users/huazhou/Downloads/Github/Yuantus/scripts/verify_cad_pipeline_s3.sh
━━━━━━━━━━━━━━━━━━━━━━━━━━━━━━━━━━━━━━━━━━━━━━
==============================================
S3 CAD Pipeline Verification
BASE_URL: http://127.0.0.1:7910
TENANT: tenant-1, ORG: org-1
==============================================

==> Seed identity (admin user)
OK: Identity seeded

==> Seed meta schema
OK: Meta schema seeded

==> Login as admin
OK: Admin login

==> Create test STL file
OK: Created test file: /tmp/yuantus_cad_s3_test.stl

==> Upload STL via /cad/import
OK: File uploaded: fd8bbf73-e597-4ece-9160-de7bfef961d9
Preview job ID: 19ca5f01-ce03-463b-a246-6bdbf8e92385
Geometry job ID: 6b377893-9c9b-4457-a494-9aaa2d5b2cb8

==> Run worker to process jobs
cadquery not installed. STEP/IGES conversion will rely on FreeCAD/Trimesh.
cadquery not installed. STEP/IGES conversion will rely on FreeCAD/Trimesh.
OK: Worker executed

==> Check job statuses
Preview job status: pending
Geometry job status: pending

==> Check file metadata
Preview URL: /api/v1/file/fd8bbf73-e597-4ece-9160-de7bfef961d9/preview
Geometry URL: /api/v1/file/fd8bbf73-e597-4ece-9160-de7bfef961d9/geometry
Conversion status: failed
OK: Preview path set
OK: Geometry path set

==> Test preview endpoint
OK: Preview endpoint works (HTTP 200)

==> Test geometry endpoint
OK: Geometry endpoint works (HTTP 200)

==> Check storage type
Local storage detected (direct file response)

==> Cleanup
OK: Cleaned up test file

==============================================
CAD Pipeline S3 Verification Complete
==============================================

Summary:
  - File upload: OK
  - Job processing: pending / pending
  - Preview endpoint: 200
  - Geometry endpoint: 200

ALL CHECKS PASSED
PASS: S5-A (CAD Pipeline S3)

━━━━━━━━━━━━━━━━━━━━━━━━━━━━━━━━━━━━━━━━━━━━━━
Running: S5-A (CAD 2D Preview)
Script: /Users/huazhou/Downloads/Github/Yuantus/scripts/verify_cad_preview_2d.sh
━━━━━━━━━━━━━━━━━━━━━━━━━━━━━━━━━━━━━━━━━━━━━━
==============================================
CAD 2D Preview Verification
BASE_URL: http://127.0.0.1:7910
TENANT: tenant-1, ORG: org-1
CAD_ML_BASE_URL: http://localhost:8001
SAMPLE: /Users/huazhou/Downloads/训练图纸/训练图纸/J2824002-06上封头组件v2.dwg
==============================================

==> Seed identity/meta
OK: Seeded identity/meta

==> Login as admin
OK: Admin login

==> Upload CAD file (DWG/DXF)
OK: Uploaded file: b0a5a735-ff1f-4e9f-a12e-8f50918c9496

==> Run cad_preview job (direct)
cadquery not installed. STEP/IGES conversion will rely on FreeCAD/Trimesh.
OK: cad_preview executed

==> Check preview endpoint
OK: Preview endpoint HTTP 200

==> Update CAD properties
OK: CAD properties updated

==> Update CAD view state
OK: CAD view state updated

==> Update CAD review
OK: CAD review updated

==> Check CAD diff
OK: CAD diff ok

==> Check CAD history
OK: CAD history ok

==> Check CAD mesh stats (optional)
SKIP: mesh stats unavailable (available=false)
ALL CHECKS PASSED
PASS: S5-A (CAD 2D Preview)
SKIP: S5-A (CADGF Preview Online) (RUN_CADGF_PREVIEW_ONLINE=0)

━━━━━━━━━━━━━━━━━━━━━━━━━━━━━━━━━━━━━━━━━━━━━━
Running: S5-B (CAD 2D Connectors)
Script: /Users/huazhou/Downloads/Github/Yuantus/scripts/verify_cad_connectors_2d.sh
━━━━━━━━━━━━━━━━━━━━━━━━━━━━━━━━━━━━━━━━━━━━━━
==============================================
CAD 2D Connectors Verification
BASE_URL: http://127.0.0.1:7910
TENANT: tenant-1, ORG: org-1
==============================================

==> Seed identity/meta
OK: Seeded identity/meta

==> Login as admin
OK: Admin login

==> Create dummy DWG/DXF files
OK: Created files: /tmp/yuantus_gstarcad_1770105426.dwg, /tmp/yuantus_zwcad_1770105426.dxf, /tmp/yuantus_haochencad_1770105426.dwg, /tmp/yuantus_zhongwang_1770105426.dxf, /tmp/yuantus_cad_auto_1770105426.dwg, /tmp/yuantus_cad_auto_zw_1770105426.dwg

==> Upload gstarcad_1770105426.dwg (GSTARCAD)
OK: Uploaded file: 2e1e1014-1b1f-4e3b-b4ae-3092a3b35f00
Metadata OK
OK: Metadata verified (GSTARCAD)

==> Upload zwcad_1770105426.dxf (ZWCAD)
OK: Uploaded file: 09a81fb4-96fa-4dab-a268-ecef29aee49f
Metadata OK
OK: Metadata verified (ZWCAD)

==> Upload haochencad_1770105426.dwg (HAOCHEN)
OK: Uploaded file: 4ea6bc3f-fed3-4cf1-b5b6-321c5b6e8582
Metadata OK
OK: Metadata verified (HAOCHEN)

==> Upload zhongwangcad_1770105426.dxf (ZHONGWANG)
OK: Uploaded file: 82de527e-de46-43dc-a972-b81c1421900e
Metadata OK
OK: Metadata verified (ZHONGWANG)

==> Upload cad_auto_1770105426.dwg (auto-detect)
OK: Uploaded file: 82dc1573-fb2a-474f-bbf0-a814196b6c82
Metadata OK
OK: Metadata verified (HAOCHEN)

==> Upload cad_auto_zw_1770105426.dwg (auto-detect)
OK: Uploaded file: 5a9e3f95-9d42-4a88-8ce3-f7886c4a35ae
Metadata OK
OK: Metadata verified (ZWCAD)

==> Cleanup
OK: Cleaned up temp files

==============================================
CAD 2D Connectors Verification Complete
==============================================
ALL CHECKS PASSED
PASS: S5-B (CAD 2D Connectors)
SKIP: S5-B (CAD 2D Real Connectors) (RUN_CAD_REAL_CONNECTORS_2D=0)

━━━━━━━━━━━━━━━━━━━━━━━━━━━━━━━━━━━━━━━━━━━━━━
Running: S5-B (CAD 3D Connectors)
Script: /Users/huazhou/Downloads/Github/Yuantus/scripts/verify_cad_connectors_3d.sh
━━━━━━━━━━━━━━━━━━━━━━━━━━━━━━━━━━━━━━━━━━━━━━
==============================================
CAD 3D Connectors Verification
BASE_URL: http://127.0.0.1:7910
TENANT: tenant-1, ORG: org-1
==============================================

==> Seed identity/meta
OK: Seeded identity/meta

==> Login as admin
OK: Admin login

==> Create dummy 3D files
OK: Created files

==> Upload solidworks_part_1770105427.sldprt
OK: Uploaded file: fc81cf98-c4df-4702-a4c5-1fdff6d6ed36
Metadata OK
OK: Metadata verified (SOLIDWORKS)

==> Upload solidworks_asm_1770105427.sldasm
OK: Uploaded file: e4f13dc4-25b3-457e-8014-a7087f7a6102
Metadata OK
OK: Metadata verified (SOLIDWORKS)

==> Upload nx_1770105427.prt
OK: Uploaded file: 0d097b11-b9c4-4aa9-a031-22f318f8a835
Metadata OK
OK: Metadata verified (NX)

==> Upload creo_1770105427.prt
OK: Uploaded file: baf880af-8d89-436b-87f9-3d38865cc970
Metadata OK
OK: Metadata verified (CREO)

==> Upload catia_1770105427.catpart
OK: Uploaded file: 62e03adb-b7c7-41d6-ba3d-4ccc8f84098e
Metadata OK
OK: Metadata verified (CATIA)

==> Upload inventor_1770105427.ipt
OK: Uploaded file: 57ae48cf-646f-456d-af3a-214df0ec255e
Metadata OK
OK: Metadata verified (INVENTOR)

==> Upload auto_1770105427.prt
OK: Uploaded file: 474d4e5e-2b66-49ae-b2bd-f86d15bc155f
Metadata OK
OK: Metadata verified (NX)

==> Cleanup
OK: Cleaned up temp files

==============================================
CAD 3D Connectors Verification Complete
==============================================
ALL CHECKS PASSED
PASS: S5-B (CAD 3D Connectors)

━━━━━━━━━━━━━━━━━━━━━━━━━━━━━━━━━━━━━━━━━━━━━━
Running: S5-C (CAD Attribute Sync)
Script: /Users/huazhou/Downloads/Github/Yuantus/scripts/verify_cad_sync.sh
━━━━━━━━━━━━━━━━━━━━━━━━━━━━━━━━━━━━━━━━━━━━━━
==============================================
CAD Attribute Sync Verification
BASE_URL: http://127.0.0.1:7910
TENANT: tenant-1, ORG: org-1
==============================================

==> Seed identity/meta
OK: Seeded identity/meta

==> Login as admin
OK: Admin login

==> Fetch Part ItemType properties
OK: Resolved property IDs

==> Configure CAD sync mapping
OK: CAD sync mapping configured

==> Create Part item
OK: Created Part: 2832e655-832a-4bf2-93a9-5c61c6d2af1c

==> Upload CAD file and enqueue extract job
OK: Uploaded file: f4766c5c-eb26-4a0b-aa1f-3a18793c95b0
OK: Created job: 4b5599ee-dd41-4987-834a-13e93e5a9491

==> Run worker and wait for job completion
cadquery not installed. STEP/IGES conversion will rely on FreeCAD/Trimesh.
cadquery not installed. STEP/IGES conversion will rely on FreeCAD/Trimesh.
cadquery not installed. STEP/IGES conversion will rely on FreeCAD/Trimesh.
cadquery not installed. STEP/IGES conversion will rely on FreeCAD/Trimesh.
cadquery not installed. STEP/IGES conversion will rely on FreeCAD/Trimesh.
Worker did not complete job (status=pending). Running direct processor...
cadquery not installed. STEP/IGES conversion will rely on FreeCAD/Trimesh.
OK: Job completed (direct processor)

==> Verify CAD-synced properties
CAD sync mapping verified
OK: CAD sync mapping verified

==> Verify cad_extract attributes endpoint
cad_extract attributes verified
OK: cad_extract attributes verified

==> Cleanup
OK: Cleaned up temp file

==============================================
CAD Attribute Sync Verification Complete
==============================================
ALL CHECKS PASSED
PASS: S5-C (CAD Attribute Sync)

━━━━━━━━━━━━━━━━━━━━━━━━━━━━━━━━━━━━━━━━━━━━━━
Running: S5-C (CAD OCR Title Block)
Script: /Users/huazhou/Downloads/Github/Yuantus/scripts/verify_cad_ocr_titleblock.sh
━━━━━━━━━━━━━━━━━━━━━━━━━━━━━━━━━━━━━━━━━━━━━━
==============================================
CAD OCR Title Block Verification
BASE_URL: http://127.0.0.1:7910
TENANT: tenant-1, ORG: org-1
CAD_ML_BASE_URL: http://localhost:8001
SAMPLE: /var/folders/23/dzwf05nn7nvgxc1fz30kn5gh0000gn/T/yuantus_ocr_sample_XXXXXX.k6pcRpzd2z.png
==============================================

==> Seed identity/meta
OK: Seeded identity/meta

==> Login as admin
OK: Admin login

==> Upload image file
OK: Uploaded file: 4c521950-c077-48a8-9f7a-a578d576cddd

==> Run cad_ml_vision job (direct)
cadquery not installed. STEP/IGES conversion will rely on FreeCAD/Trimesh.
OK: cad_ml_vision executed

==> Fetch merged attributes
OK: Extracted OCR attributes: drawing_no
ALL CHECKS PASSED
PASS: S5-C (CAD OCR Title Block)

━━━━━━━━━━━━━━━━━━━━━━━━━━━━━━━━━━━━━━━━━━━━━━
Running: S5-C (CAD Filename Parsing)
Script: /Users/huazhou/Downloads/Github/Yuantus/scripts/verify_cad_filename_parse.sh
━━━━━━━━━━━━━━━━━━━━━━━━━━━━━━━━━━━━━━━━━━━━━━
==============================================
CAD Filename Parsing Verification
DB: /tmp/yuantus_cad_filename_parse.db
Storage: /tmp/yuantus_cad_filename_storage
==============================================
ALL CHECKS PASSED
==============================================
CAD Filename Parsing Verification Complete
==============================================
PASS: S5-C (CAD Filename Parsing)

━━━━━━━━━━━━━━━━━━━━━━━━━━━━━━━━━━━━━━━━━━━━━━
Running: S5-C (CAD Attribute Normalization)
Script: /Users/huazhou/Downloads/Github/Yuantus/scripts/verify_cad_attribute_normalization.sh
━━━━━━━━━━━━━━━━━━━━━━━━━━━━━━━━━━━━━━━━━━━━━━
==============================================
CAD Attribute Normalization Verification
DB: /tmp/yuantus_cad_attr_norm.db
Storage: /tmp/yuantus_cad_attr_norm_storage
==============================================
cadquery not installed. STEP/IGES conversion will rely on FreeCAD/Trimesh.
ALL CHECKS PASSED
==============================================
CAD Attribute Normalization Verification Complete
==============================================
PASS: S5-C (CAD Attribute Normalization)
SKIP: S5-B (CAD 2D Connector Coverage) (RUN_CAD_CONNECTOR_COVERAGE_2D=0)

━━━━━━━━━━━━━━━━━━━━━━━━━━━━━━━━━━━━━━━━━━━━━━
Running: S5-B (CAD Connectors Config)
Script: /Users/huazhou/Downloads/Github/Yuantus/scripts/verify_cad_connectors_config.sh
━━━━━━━━━━━━━━━━━━━━━━━━━━━━━━━━━━━━━━━━━━━━━━
==============================================
CAD Connectors Config Verification
BASE_URL: http://127.0.0.1:7910
TENANT: tenant-1, ORG: org-1
==============================================

==> Seed identity/meta
OK: Seeded identity/meta

==> Login as admin
OK: Admin login

==> Reload connectors from config
OK: Reloaded connectors (custom_loaded=1)

==> Verify connector listing
OK: Connector list includes demo-cad

==> Import DEMO CAD file
OK: cad_format/connector_id resolved via config
OK: Imported file: 364b976b-207f-45f7-a36d-367aae96f5c1

==============================================
CAD Connectors Config Verification Complete
==============================================
ALL CHECKS PASSED
PASS: S5-B (CAD Connectors Config)

━━━━━━━━━━━━━━━━━━━━━━━━━━━━━━━━━━━━━━━━━━━━━━
Running: S5-C (CAD Sync Template)
Script: /Users/huazhou/Downloads/Github/Yuantus/scripts/verify_cad_sync_template.sh
━━━━━━━━━━━━━━━━━━━━━━━━━━━━━━━━━━━━━━━━━━━━━━
==============================================
CAD Sync Template Verification
BASE_URL: http://127.0.0.1:7910
TENANT: tenant-1, ORG: org-1
==============================================

==> Seed identity/meta
OK: Seeded identity/meta

==> Login as admin
OK: Admin login

==> Download CAD sync template
OK: Template downloaded

==> Build update template
OK: Template updated

==> Apply template
OK: Template applied

==> Verify Part ItemType properties
OK: Property mapping verified

==============================================
CAD Sync Template Verification Complete
==============================================
ALL CHECKS PASSED
PASS: S5-C (CAD Sync Template)
SKIP: S5-C (CAD Auto Part) (RUN_CAD_AUTO_PART=0)
SKIP: S5-C (CAD Extractor Stub) (RUN_CAD_EXTRACTOR_STUB=0)
SKIP: S5-C (CAD Extractor External) (RUN_CAD_EXTRACTOR_EXTERNAL=0)
SKIP: S5-C (CAD Extractor Service) (RUN_CAD_EXTRACTOR_SERVICE=0)
SKIP: CAD Real Samples (RUN_CAD_REAL_SAMPLES=0)

━━━━━━━━━━━━━━━━━━━━━━━━━━━━━━━━━━━━━━━━━━━━━━
Running: Search Index
Script: /Users/huazhou/Downloads/Github/Yuantus/scripts/verify_search_index.sh
━━━━━━━━━━━━━━━━━━━━━━━━━━━━━━━━━━━━━━━━━━━━━━
==============================================
Search Index Verification
BASE_URL: http://127.0.0.1:7910
TENANT: tenant-1, ORG: org-1
==============================================

==> Seed identity/meta
OK: Seeded identity/meta

==> Login as admin
OK: Admin login

==> Create Part item
OK: Created Part: ecd7b33f-8fb4-40a4-9c8a-cd391fde4971

==> Search by item_number
OK: Search found item by item_number

==> Update item name and re-search
OK: Search found item after update

==> Delete item and verify search removal
OK: Search removal validated

==============================================
Search Index Verification Complete
==============================================
ALL CHECKS PASSED
PASS: Search Index

━━━━━━━━━━━━━━━━━━━━━━━━━━━━━━━━━━━━━━━━━━━━━━
Running: Search Reindex
Script: /Users/huazhou/Downloads/Github/Yuantus/scripts/verify_search_reindex.sh
━━━━━━━━━━━━━━━━━━━━━━━━━━━━━━━━━━━━━━━━━━━━━━
==============================================
Search Reindex Verification
BASE_URL: http://127.0.0.1:7910
TENANT: tenant-1, ORG: org-1
==============================================

==> Seed identity/meta
OK: Seeded identity/meta

==> Login as admin
OK: Admin login

==> Create Part item
OK: Created Part: 12fb71e8-bf78-4b14-b685-fe1c11c0e3c5

==> Search status
OK: Search engine: db

==> Reindex
OK: Reindex completed (indexed=1427)

==> Search by item_number
OK: Search found item after reindex

==> Cleanup
OK: Deleted item

==============================================
Search Reindex Verification Complete
==============================================
ALL CHECKS PASSED
PASS: Search Reindex

━━━━━━━━━━━━━━━━━━━━━━━━━━━━━━━━━━━━━━━━━━━━━━
Running: Search ECO
Script: /Users/huazhou/Downloads/Github/Yuantus/scripts/verify_search_eco.sh
━━━━━━━━━━━━━━━━━━━━━━━━━━━━━━━━━━━━━━━━━━━━━━
==============================================
Search ECO Verification
BASE_URL: http://127.0.0.1:7910
TENANT: tenant-1, ORG: org-1
==============================================

==> Seed identity/meta
OK: Seeded identity/meta

==> Login as admin
OK: Admin login

==> Search ECO index status
OK: Search ECO engine: db

==> Create ECO product
OK: Created ECO product: 28fa724f-caf9-4479-93d8-5165cc17c88b

==> Create ECO
OK: Created ECO: e3869486-52a5-4cc2-a339-f3eefaf8a97d

==> Search ECO by name
OK: Search by name

==> Search ECO by state
OK: Search by state

==============================================
Search ECO Verification Complete
==============================================
ALL CHECKS PASSED
PASS: Search ECO

━━━━━━━━━━━━━━━━━━━━━━━━━━━━━━━━━━━━━━━━━━━━━━
Running: Reports Summary
Script: /Users/huazhou/Downloads/Github/Yuantus/scripts/verify_reports_summary.sh
━━━━━━━━━━━━━━━━━━━━━━━━━━━━━━━━━━━━━━━━━━━━━━
==============================================
Reports Summary Verification
BASE_URL: http://127.0.0.1:7910
TENANT: tenant-1, ORG: org-1
==============================================

==> Seed identity/meta
OK: Seeded identity/meta

==> Login as admin
OK: Admin login

==> Create Part item
OK: Created Part: 3f41def0-905c-44dd-b881-bdc2c36867cc

==> Upload file
OK: Uploaded file: fd5aa546-f3c9-4fc0-b430-b301a087d2d8

==> Create ECO stage + ECO
OK: Created ECO: a28a0678-ccb9-4d73-b0dd-c108435474ef

==> Create job
OK: Created job: 373afb79-7246-47db-b2bb-7d8f04fe48dc

==> Fetch reports summary
Summary checks: OK
OK: Summary checks passed

==============================================
Reports Summary Verification Complete
==============================================
ALL CHECKS PASSED
PASS: Reports Summary

━━━━━━━━━━━━━━━━━━━━━━━━━━━━━━━━━━━━━━━━━━━━━━
Running: Audit Logs
Script: /Users/huazhou/Downloads/Github/Yuantus/scripts/verify_audit_logs.sh
━━━━━━━━━━━━━━━━━━━━━━━━━━━━━━━━━━━━━━━━━━━━━━
==============================================
Audit Logs Verification
BASE_URL: http://127.0.0.1:7910
TENANT: tenant-1, ORG: org-1
==============================================

==> Seed identity
OK: Seeded identity

==> Login as admin
OK: Admin login

==> Trigger audit log (health request)
OK: Health request logged

==> Fetch audit logs
Audit logs: OK
OK: Audit logs verified

==============================================
Audit Logs Verification Complete
==============================================
ALL CHECKS PASSED
PASS: Audit Logs

━━━━━━━━━━━━━━━━━━━━━━━━━━━━━━━━━━━━━━━━━━━━━━
Running: S8 (Ops Monitoring)
Script: /Users/huazhou/Downloads/Github/Yuantus/scripts/verify_ops_s8.sh
━━━━━━━━━━━━━━━━━━━━━━━━━━━━━━━━━━━━━━━━━━━━━━
==============================================
S8 Ops Verification
BASE_URL: http://127.0.0.1:7910
TENANT: tenant-1, ORG: org-1
==============================================

==> Quota monitoring
==> Seed identity + meta
==> Login as admin
==> Read current quota usage
SKIP: quota mode is 'disabled' (expected enforce)

==> Audit retention endpoints
==============================================
Audit Logs Verification
BASE_URL: http://127.0.0.1:7910
TENANT: tenant-1, ORG: org-1
==============================================

==> Seed identity
OK: Seeded identity

==> Login as admin
OK: Admin login

==> Trigger audit log (health request)
OK: Health request logged

==> Fetch audit logs
Audit logs: OK
OK: Audit logs verified

==> Retention endpoints
Retention endpoints: OK
Audit prune endpoint: OK
OK: Retention endpoints verified

==============================================
Audit Logs Verification Complete
==============================================
ALL CHECKS PASSED

==> Reports summary meta
==============================================
Reports Summary Verification
BASE_URL: http://127.0.0.1:7910
TENANT: tenant-1, ORG: org-1
==============================================

==> Seed identity/meta
OK: Seeded identity/meta

==> Login as admin
OK: Admin login

==> Create Part item
OK: Created Part: c5734456-829c-44df-8bf4-0f9a7e3f5671

==> Upload file
OK: Uploaded file: 8a138497-48c9-447a-8bfc-43289688583a

==> Create ECO stage + ECO
OK: Created ECO: 070dcb6d-3cee-40af-a724-6d8934c6f6e9

==> Create job
OK: Created job: a72ae714-e895-4ee7-a8b4-c413c85e0809

==> Fetch reports summary
Summary checks: OK
OK: Summary checks passed

==============================================
Reports Summary Verification Complete
==============================================
ALL CHECKS PASSED

==============================================
S8 Ops Verification Complete
==============================================
ALL CHECKS PASSED
PASS: S8 (Ops Monitoring)

━━━━━━━━━━━━━━━━━━━━━━━━━━━━━━━━━━━━━━━━━━━━━━
Running: S7 (Multi-Tenancy)
Script: /Users/huazhou/Downloads/Github/Yuantus/scripts/verify_multitenancy.sh
━━━━━━━━━━━━━━━━━━━━━━━━━━━━━━━━━━━━━━━━━━━━━━
==============================================
Multi-Tenancy Verification
BASE_URL: http://127.0.0.1:7910
TENANT_A: tenant-1, TENANT_B: tenant-2
ORG_A: org-1, ORG_B: org-2
==============================================

==> Seed identity/meta for tenant/org combos
OK: Seeded tenant/org schemas

==> Login for each tenant/org
OK: Login succeeded

==> Create Part in tenant A/org A and verify isolation
OK: Org + tenant isolation (A1)

==> Create Part in tenant A/org B and verify isolation
OK: Org isolation (A2)

==> Create Part in tenant B/org A and verify isolation
OK: Tenant isolation (B1)

==============================================
Multi-Tenancy Verification Complete
==============================================
ALL CHECKS PASSED
PASS: S7 (Multi-Tenancy)
SKIP: S7 (Tenant Provisioning) (RUN_TENANT_PROVISIONING=0)

━━━━━━━━━━━━━━━━━━━━━━━━━━━━━━━━━━━━━━━━━━━━━━
Running: Where-Used API
Script: /Users/huazhou/Downloads/Github/Yuantus/scripts/verify_where_used.sh
━━━━━━━━━━━━━━━━━━━━━━━━━━━━━━━━━━━━━━━━━━━━━━
==============================================
Where-Used API Verification
BASE_URL: http://127.0.0.1:7910
TENANT: tenant-1, ORG: org-1
==============================================

==> Seed identity (admin user)
OK: Identity seeded

==> Seed meta schema
OK: Meta schema seeded

==> Login as admin
OK: Admin login

==> Create test items for BOM hierarchy
OK: Created assembly: 97381f7d-6ae3-43a5-9a07-448636f29eb1
OK: Created sub-assembly: 3209957a-2130-46e2-b7a5-9273cc571fda
OK: Created component: 57ebc109-8799-4374-b142-35b0e3a386a0
OK: Created second assembly: 8c0bb781-efaa-4b52-9c33-c4d0384bc8b8

==> Build BOM hierarchy
OK: Added sub-assembly to assembly
OK: Added component to sub-assembly
OK: Added component to second assembly

BOM Structure:
  ASSEMBLY (97381f7d-6ae3-43a5-9a07-448636f29eb1)
    └── SUB-ASSEMBLY (3209957a-2130-46e2-b7a5-9273cc571fda)
          └── COMPONENT (57ebc109-8799-4374-b142-35b0e3a386a0)
  ASSEMBLY2 (8c0bb781-efaa-4b52-9c33-c4d0384bc8b8)
    └── COMPONENT (57ebc109-8799-4374-b142-35b0e3a386a0)

==> Test Where-Used (non-recursive)
Where-used response:
  item_id: 57ebc109-8799-4374-b142-35b0e3a386a0
  count: 2
OK: Non-recursive where-used: found 2 direct parents
Parent IDs found:
  - 3209957a-2130-46e2-b7a5-9273cc571fda
  - 8c0bb781-efaa-4b52-9c33-c4d0384bc8b8

==> Test Where-Used (recursive)
Recursive where-used response:
  count: 3
OK: Recursive where-used: found 3 parents
Parents by level:
  Level 1: Sub-Assembly for Where-Used Test 1770105451
  Level 2: Assembly for Where-Used Test 1770105451
  Level 1: Second Assembly for Where-Used Test 1770105451

==> Test Where-Used on top-level item (no parents)
OK: Top-level item has no parents (count=0)

==> Test Where-Used on non-existent item
OK: Non-existent item returns 404 (HTTP 404)

==============================================
Where-Used API Verification Complete
==============================================

Summary:
  - BOM hierarchy creation: OK
  - Non-recursive where-used: OK (found 2 direct parents)
  - Recursive where-used: OK (found 3 total parents)
  - Top-level item (no parents): OK
  - Non-existent item handling: OK (404)

ALL CHECKS PASSED
PASS: Where-Used API

━━━━━━━━━━━━━━━━━━━━━━━━━━━━━━━━━━━━━━━━━━━━━━
Running: UI Product Detail
Script: /Users/huazhou/Downloads/Github/Yuantus/scripts/verify_product_detail.sh
━━━━━━━━━━━━━━━━━━━━━━━━━━━━━━━━━━━━━━━━━━━━━━
==============================================
Product Detail Mapping Verification
BASE_URL: http://127.0.0.1:7910
TENANT: tenant-1, ORG: org-1
==============================================

==> Seed identity/meta
OK: Seeded identity/meta

==> Login as admin
OK: Admin login

==> Create Part item
OK: Created Part: de712bfa-0d34-4f09-a23f-226bb033616d

==> Init version
OK: Init version: 4d9dccd2-bb81-46d1-a009-3bc2bfb5cd8d

==> Upload file
OK: Uploaded file: a1e5ef51-f711-41f7-86c2-5fb95db6156f

==> Attach file to item
OK: File attached to item

==> Fetch product detail
Product detail mapping: OK

==============================================
Product Detail Mapping Verification Complete
==============================================
ALL CHECKS PASSED
PASS: UI Product Detail

━━━━━━━━━━━━━━━━━━━━━━━━━━━━━━━━━━━━━━━━━━━━━━
Running: UI Product Summary
Script: /Users/huazhou/Downloads/Github/Yuantus/scripts/verify_product_ui.sh
━━━━━━━━━━━━━━━━━━━━━━━━━━━━━━━━━━━━━━━━━━━━━━
==============================================
Product UI Aggregation Verification
BASE_URL: http://127.0.0.1:7910
TENANT: tenant-1, ORG: org-1
==============================================

==> Seed identity/meta
OK: Seeded identity/meta

==> Login as admin
OK: Admin login

==> Create Parts
OK: Created Parts: parent=68437dc5-36f8-47b6-80d9-6cf4ae29b73f child=44cd198e-1c4f-4a23-afec-86ab6c0a8da0

==> Add BOM child
OK: Added BOM line: ca1ea04a-440e-484f-be74-4186f0234699

==> Fetch parent product detail with BOM summary

==> Fetch child product detail with where-used summary
Product UI aggregation: OK

==============================================
Product UI Aggregation Verification Complete
==============================================
ALL CHECKS PASSED
PASS: UI Product Summary

━━━━━━━━━━━━━━━━━━━━━━━━━━━━━━━━━━━━━━━━━━━━━━
Running: UI Where-Used
Script: /Users/huazhou/Downloads/Github/Yuantus/scripts/verify_where_used_ui.sh
━━━━━━━━━━━━━━━━━━━━━━━━━━━━━━━━━━━━━━━━━━━━━━
==============================================
Where-Used UI Verification
BASE_URL: http://127.0.0.1:7910
TENANT: tenant-1, ORG: org-1
==============================================

==> Seed identity/meta
OK: Seeded identity/meta

==> Login as admin
OK: Admin login

==> Create Parts
OK: Created Parts: grand=d556ad93-532f-4256-9f77-73b614854da7 parent=51b08616-8759-4c66-9d10-d70e1984618e child=6a6ae586-f9ae-4436-a8d5-6f5628c5408d

==> Add BOM lines
OK: Added BOM lines: parent_rel=9909bf02-c527-4b98-b828-c9f20a7ed832 grand_rel=993f9aa9-05fb-4404-a6ea-f6d8b53dd6a6

==> Where-used (recursive)
Where-used UI payload: OK

==============================================
Where-Used UI Verification Complete
==============================================
ALL CHECKS PASSED
PASS: UI Where-Used

━━━━━━━━━━━━━━━━━━━━━━━━━━━━━━━━━━━━━━━━━━━━━━
Running: UI BOM
Script: /Users/huazhou/Downloads/Github/Yuantus/scripts/verify_bom_ui.sh
━━━━━━━━━━━━━━━━━━━━━━━━━━━━━━━━━━━━━━━━━━━━━━
==============================================
BOM UI Verification
BASE_URL: http://127.0.0.1:7910
TENANT: tenant-1, ORG: org-1
==============================================

==> Seed identity/meta
OK: Seeded identity/meta

==> Login as admin
OK: Admin login

==> Create Parts
OK: Created Parts

==> Add children to BOM
OK: Added BOM children

==> Add substitute to BOM line
OK: Added substitute: 294b5b60-3f1a-4c57-9152-7a1dc68a03c4

==> Where-used

==> BOM compare (include child fields)

==> Substitutes list
BOM UI endpoints: OK

==============================================
BOM UI Verification Complete
==============================================
ALL CHECKS PASSED
PASS: UI BOM

━━━━━━━━━━━━━━━━━━━━━━━━━━━━━━━━━━━━━━━━━━━━━━
Running: UI Docs Approval
Script: /Users/huazhou/Downloads/Github/Yuantus/scripts/verify_docs_approval.sh
━━━━━━━━━━━━━━━━━━━━━━━━━━━━━━━━━━━━━━━━━━━━━━
==============================================
Docs + Approval Verification
BASE_URL: http://127.0.0.1:7910
TENANT: tenant-1, ORG: org-1
==============================================

==> Documents & Files
==============================================
Documents & Files Verification
BASE_URL: http://127.0.0.1:7910
TENANT: tenant-1, ORG: org-1
==============================================

==> Seed identity/meta
OK: Seeded identity/meta

==> Login as admin
OK: Admin login

==> Create Part
OK: Created Part: 81f6567f-a8b2-4fba-92ab-382cf989f743

==> Upload file with metadata
OK: Uploaded file: 825e62e3-d3b2-4d9c-a464-b8241ad1d669

==> Verify file metadata
OK: Metadata verified

==> Upload duplicate file (checksum dedupe)
OK: Dedupe returned same file id

==> Attach file to item
OK: Attachment created

==> Verify item attachment list
OK: Attachment list verified

==> Cleanup
OK: Cleaned up temp file

==============================================
Documents & Files Verification Complete
==============================================
ALL CHECKS PASSED
OK: Documents & files verified

==> Document lifecycle
==============================================
Document Lifecycle Verification
BASE_URL: http://127.0.0.1:7910
TENANT: tenant-1, ORG: org-1
==============================================

==> Seed identity/meta
OK: Seeded identity/meta

==> Login as admin
OK: Admin login

==> Create Document
OK: Created Document: d61ffa0b-84e9-444a-ac21-427a44d0793d

==> Initialize version
OK: Initial version 1.A

==> Verify initial state is Draft
OK: State Draft

==> Update Document in Draft
OK: Draft update

==> Promote to Review
OK: State Review

==> Promote to Released
OK: State Released

==> Update after Release should be blocked
OK: Update blocked (409)

==> Attach file after Release should be blocked
OK: Attach blocked (409)

==> Cleanup

==============================================
Document Lifecycle Verification Complete
==============================================
ALL CHECKS PASSED
OK: Document lifecycle verified

==> Login as admin
OK: Admin login

==> Create approval stage
OK: Created stage: ee898e1a-0d79-4c93-a119-dc4cafbda2d2

==> Create ECO product
OK: Created product: 8d40dee9-3670-47ca-b94e-3c51de4aeb18

==> Create ECO
OK: Created ECO: 2b5cb6bb-ea8f-4850-880e-16442455b90a

==> Move ECO to approval stage
OK: Moved ECO to stage

==> Approve ECO
OK: Approved ECO: 586c00dc-9ea1-4d13-8708-6a40bbd1b895

==> Verify ECO state and approvals
Approval flow: OK

==============================================
Docs + Approval Verification Complete
==============================================
ALL CHECKS PASSED
PASS: UI Docs Approval

━━━━━━━━━━━━━━━━━━━━━━━━━━━━━━━━━━━━━━━━━━━━━━
Running: UI Docs ECO Summary
Script: /Users/huazhou/Downloads/Github/Yuantus/scripts/verify_docs_eco_ui.sh
━━━━━━━━━━━━━━━━━━━━━━━━━━━━━━━━━━━━━━━━━━━━━━
==============================================
Docs + ECO UI Summary Verification
BASE_URL: http://127.0.0.1:7910
TENANT: tenant-1, ORG: org-1
==============================================

==> Seed identity/meta
OK: Seeded identity/meta

==> Login as admin
OK: Admin login

==> Ensure Document ItemTypes
OK: Document ItemTypes ensured

==> Create Part and Document
OK: Created Part=535d8233-16a6-416e-aae3-6bf617144a56 Document=aab56eaa-d2eb-4475-8644-92f4a6938993

==> Link Document to Part
OK: Created Document relation

==> Create ECO stage and ECO
OK: Created ECO=bac6f6d4-a5a7-4ff7-aec1-2c6f8ed212ac stage=bde62821-7905-47c8-86c3-a5022927755b

==> Fetch product detail with document + ECO summary
Docs + ECO UI summary: OK

==============================================
Docs + ECO UI Summary Verification Complete
==============================================
ALL CHECKS PASSED
PASS: UI Docs ECO Summary

━━━━━━━━━━━━━━━━━━━━━━━━━━━━━━━━━━━━━━━━━━━━━━
Running: BOM Compare
Script: /Users/huazhou/Downloads/Github/Yuantus/scripts/verify_bom_compare.sh
━━━━━━━━━━━━━━━━━━━━━━━━━━━━━━━━━━━━━━━━━━━━━━
==============================================
BOM Compare Verification
BASE_URL: http://127.0.0.1:7910
TENANT: tenant-1, ORG: org-1
==============================================

==> Seed identity/meta
OK: Seeded identity/meta

==> Login as admin
OK: Admin login

==> Create parent items
OK: Created parents: A=39188199-48a0-4429-9b56-160b852350d3, B=fe4fc5bc-05c5-425f-ab94-b7755cb8cfa6

==> Create child items
OK: Created children: X=968032bf-c166-44eb-a656-4b7a6207c1f9, Y=c0f63239-1f1d-4e9f-bf3d-33b522222fa3, Z=102f8452-ce6d-4f6f-8b09-edc70f6690f0

==> Build BOM A (baseline)
OK: BOM A created

==> Build BOM B (changed + added)
OK: BOM B created

==> Create substitute for CHILD_X in BOM B
OK: Substitute added: c8355688-e2c9-44d0-8c5b-dc5962c13817

==> Compare BOM
BOM Compare: OK

==> Compare BOM (compare_mode=only_product)
BOM Compare only_product: OK

==> Compare BOM (compare_mode=num_qty)
BOM Compare num_qty: OK

==> Compare BOM (compare_mode=summarized)
BOM Compare summarized: OK

==============================================
BOM Compare Verification Complete
==============================================
ALL CHECKS PASSED
PASS: BOM Compare

━━━━━━━━━━━━━━━━━━━━━━━━━━━━━━━━━━━━━━━━━━━━━━
Running: BOM Compare Field Contract
Script: /Users/huazhou/Downloads/Github/Yuantus/scripts/verify_bom_compare_fields.sh
━━━━━━━━━━━━━━━━━━━━━━━━━━━━━━━━━━━━━━━━━━━━━━
==============================================
BOM Compare Field Contract Verification
BASE_URL: http://127.0.0.1:7910
TENANT: tenant-1, ORG: org-1
==============================================

==> Seed identity/meta
OK: Seeded identity/meta

==> Login as admin
OK: Admin login

==> Fetch BOM compare schema
BOM compare schema: OK
OK: Schema verified

==> Create Parts
OK: Created Parts: left=9baf963c-21e8-4452-9762-309282bb6eb6 right=098b9cfc-ba39-4a87-86f2-e469bc4a6f42 child=e24a0e5c-56ed-432c-8f05-78b86e62f595 sub=da2f037e-cac7-41ca-bd23-8c84f514f199

==> Add BOM lines
OK: Added BOM lines: left_rel=1519f045-96c0-4d20-868c-af95045c5817 right_rel=3f3f30d8-f89d-43ee-803f-9c06e2b2a8da

==> Add substitute to left BOM line
OK: Added substitute: 8857f2dd-f2f7-459f-9451-f0b97ee5e529

==> Compare BOMs
BOM compare field contract: OK

==============================================
BOM Compare Field Contract Verification Complete
==============================================
ALL CHECKS PASSED
PASS: BOM Compare Field Contract

━━━━━━━━━━━━━━━━━━━━━━━━━━━━━━━━━━━━━━━━━━━━━━
Running: Where-Used Line Schema
Script: /Users/huazhou/Downloads/Github/Yuantus/scripts/verify_where_used_schema.sh
━━━━━━━━━━━━━━━━━━━━━━━━━━━━━━━━━━━━━━━━━━━━━━
==============================================
Where-Used Line Schema Verification
BASE_URL: http://127.0.0.1:7910
TENANT: tenant-1, ORG: org-1
==============================================

==> Seed identity/meta
OK: Seeded identity/meta

==> Login as admin
OK: Admin login

==> Fetch where-used line schema
Where-used schema: OK
OK: Schema verified
ALL CHECKS PASSED
PASS: Where-Used Line Schema

━━━━━━━━━━━━━━━━━━━━━━━━━━━━━━━━━━━━━━━━━━━━━━
Running: Baseline
Script: /Users/huazhou/Downloads/Github/Yuantus/scripts/verify_baseline.sh
━━━━━━━━━━━━━━━━━━━━━━━━━━━━━━━━━━━━━━━━━━━━━━
==============================================
Baseline Verification
BASE_URL: http://127.0.0.1:7910
TENANT: tenant-1, ORG: org-1
==============================================

==> Seed identity/meta
OK: Seeded identity/meta

==> Login as admin
OK: Admin login

==> Create parent + children
OK: Created parent=50ab07ae-75f5-45dc-8895-5cf0ea148d16 children=27b626bd-c999-4978-a4aa-78abc339818d,e11018cf-4a13-4539-b32d-5bbc7152dccc

==> Build BOM (A -> B, C)
OK: BOM created

==> Create baseline
Baseline snapshot validated
OK: Baseline created: 053d8873-9736-4cbd-9008-193e188cb817

==> Compare baseline vs current (expect no diffs)
No diff as expected
OK: Baseline compare (no diff)

==> Modify BOM (change qty + add new child)
OK: BOM updated

==> Compare baseline vs current (expect added + changed)
Diff validated
OK: Baseline compare (diff)

==> Create new baseline and compare baseline-to-baseline
Baseline-to-baseline diff validated
OK: Baseline2 compare

==============================================
Baseline Verification Complete
==============================================
ALL CHECKS PASSED
PASS: Baseline

━━━━━━━━━━━━━━━━━━━━━━━━━━━━━━━━━━━━━━━━━━━━━━
Running: BOM Substitutes
Script: /Users/huazhou/Downloads/Github/Yuantus/scripts/verify_substitutes.sh
━━━━━━━━━━━━━━━━━━━━━━━━━━━━━━━━━━━━━━━━━━━━━━
==============================================
BOM Substitutes Verification
BASE_URL: http://127.0.0.1:7910
TENANT: tenant-1, ORG: org-1
==============================================

==> Seed identity/meta
OK: Seeded identity/meta

==> Login as admin
OK: Admin login

==> Create parent/child/substitute items
OK: Created parent=a4ec85d4-af1b-46cd-9db5-dfb0b45f83c8 child=b68fac23-3896-4254-9493-70201d67163c substitutes=ed92b20c-1db6-48d4-8ac0-6e9f2c05aa57,39fbf416-8a47-4aa3-b96b-df0bf9b4e135

==> Create BOM line (parent -> child)
OK: Created BOM line: 5d97908b-ddb7-4db5-8dbd-9a3178e3aff2

==> Add substitute 1
OK: Added substitute 1: b110d8a4-4d0f-4b03-8a97-b933e04876ec

==> List substitutes (expect 1)
OK: List count=1

==> Add substitute 2
OK: Added substitute 2: 72e02f46-bbdb-4df9-9997-35db746727b9

==> Duplicate add (should 400)
OK: Duplicate add blocked (400)

==> Remove substitute 1
OK: Removed substitute 1

==> List substitutes (expect 1 remaining)
OK: List count=1 after delete

==============================================
BOM Substitutes Verification Complete
==============================================
ALL CHECKS PASSED
PASS: BOM Substitutes

━━━━━━━━━━━━━━━━━━━━━━━━━━━━━━━━━━━━━━━━━━━━━━
Running: MBOM Convert
Script: /Users/huazhou/Downloads/Github/Yuantus/scripts/verify_mbom_convert.sh
━━━━━━━━━━━━━━━━━━━━━━━━━━━━━━━━━━━━━━━━━━━━━━
==============================================
MBOM Conversion Verification
BASE_URL: http://127.0.0.1:7910
TENANT: tenant-1, ORG: org-1
==============================================

==> Seed identity/meta
OK: Seeded identity/meta

==> Login as admin
OK: Admin login

==> Create EBOM parts
OK: Created EBOM root=0a4d1d24-99a4-44f0-bca0-64bdf4be0b7a child=a9182b1b-17bc-4e25-ad09-75a6d189bbb0 substitute=f7305ed3-5734-4aa2-9ecd-aaca3d914f31

==> Create EBOM BOM line
OK: EBOM BOM line: 79566fc0-7195-4831-83c6-a5c68607ca71

==> Add substitute to EBOM BOM line
OK: EBOM substitute relation: 295b8a53-b2d7-4abd-b985-66c44278245c

==> Convert EBOM -> MBOM
OK: MBOM root: eeec6f41-0a2b-4c5a-a13d-cdcf52c792d6

==> Validate MBOM root via AML
OK: MBOM root AML verified

==> Validate MBOM tree endpoint
OK: MBOM tree endpoint verified

==> Validate MBOM structure in DB
MBOM structure: OK
OK: MBOM structure verified

==============================================
MBOM Conversion Verification Complete
==============================================
ALL CHECKS PASSED
PASS: MBOM Convert

━━━━━━━━━━━━━━━━━━━━━━━━━━━━━━━━━━━━━━━━━━━━━━
Running: Item Equivalents
Script: /Users/huazhou/Downloads/Github/Yuantus/scripts/verify_equivalents.sh
━━━━━━━━━━━━━━━━━━━━━━━━━━━━━━━━━━━━━━━━━━━━━━
==============================================
Equivalent Parts Verification
BASE_URL: http://127.0.0.1:7910
TENANT: tenant-1, ORG: org-1
==============================================

==> Seed identity/meta
OK: Seeded identity/meta

==> Login as admin
OK: Admin login

==> Create test parts
OK: Created parts A=11335104-858d-4e22-beb7-c2aca9bc7e7b B=83306eab-8199-44bf-8232-5b641a672df2 C=54ca399f-dcd3-4f44-bce5-561a69ffa4cd

==> Add equivalent A <-> B
OK: Added equivalent A-B: 0e86713f-1ef0-47f5-a8b3-68adc044bf6b

==> Add equivalent A <-> C
OK: Added equivalent A-C: 7f38b9d4-6aa6-41ef-895f-b77cff41c4a8

==> List equivalents for A (expect 2)
OK: List A count=2 with B,C

==> List equivalents for B (expect 1: A)
OK: List B count=1 with A

==> Duplicate add (B -> A, expect 400)
OK: Duplicate add blocked (400)

==> Self add (A -> A, expect 400)
OK: Self-equivalence blocked (400)

==> Remove equivalent A-B
OK: Removed equivalent A-B

==> List equivalents for B (expect 0)
OK: List B count=0

==> List equivalents for A (expect 1)
OK: List A count=1

==============================================
Equivalent Parts Verification Complete
==============================================
ALL CHECKS PASSED
PASS: Item Equivalents

━━━━━━━━━━━━━━━━━━━━━━━━━━━━━━━━━━━━━━━━━━━━━━
Running: Version-File Binding
Script: /Users/huazhou/Downloads/Github/Yuantus/scripts/verify_version_files.sh
━━━━━━━━━━━━━━━━━━━━━━━━━━━━━━━━━━━━━━━━━━━━━━
==============================================
Version-File Binding Verification
BASE_URL: http://127.0.0.1:7910
TENANT: tenant-1, ORG: org-1
==============================================

==> Seed identity/meta
OK: Seeded identity/meta

==> Login as admin
OK: Admin login

==> Login as viewer
OK: Viewer login

==> Create Part item
OK: Created Part: bda232f9-e76d-407f-b36c-5925fdb3521b

==> Init version
OK: Init version: 69cd3329-05df-41c4-bcd8-207153501f0b

==> Upload file
OK: Uploaded file: c4e6606b-d3b0-4ab5-be04-ec06240f0fc2

==> Attach file to version without checkout should be blocked (409)
OK: Attach to version blocked without checkout

==> Attach file to item (native_cad)
OK: File attached to item

==> Checkout version (lock files)
OK: Checked out version

==> Attach file to version (owner)
OK: Attached file to version

==> Viewer attach should be blocked (409)
OK: Attach blocked for non-owner

==> Checkin version (sync files)
OK: Checked in version

==> Verify version files
Version files synced: OK

==============================================
Version-File Binding Verification Complete
==============================================
ALL CHECKS PASSED
PASS: Version-File Binding

==============================================
REGRESSION TEST SUMMARY
==============================================

Test Suite                Result
------------------------- ------
Ops Health                PASS
Run H (Core APIs)         PASS
S2 (Documents & Files)    PASS
Document Lifecycle        PASS
Part Lifecycle            PASS
S1 (Meta + RBAC)          PASS
S7 (Quotas)               PASS
S3.1 (BOM Tree)           PASS
S3.2 (BOM Effectivity)    PASS
S12 (Config Variants)     SKIP
S3.3 (Versions)           PASS
S4 (ECO Advanced)         PASS
S5-A (CAD Pipeline S3)    PASS
S5-B (CAD 2D Connectors)  PASS
S5-B (CAD 2D Real Connectors) SKIP
S5-B (CAD 2D Connector Coverage) SKIP
S5-C (CAD Attribute Sync) PASS
S5-B (CAD Connectors Config) PASS
S5-C (CAD Sync Template)  PASS
S5-C (CAD Auto Part)      SKIP
S5-C (CAD Extractor Stub) SKIP
S5-C (CAD Extractor External) SKIP
S5-C (CAD Extractor Service) SKIP
CAD Real Samples          SKIP
Search Index              PASS
Search Reindex            PASS
Search ECO                PASS
Reports Summary           PASS
Audit Logs                PASS
S8 (Ops Monitoring)       PASS
S7 (Multi-Tenancy)        PASS
S7 (Tenant Provisioning)  SKIP
Where-Used API            PASS
UI Product Detail         PASS
UI Product Summary        PASS
UI Where-Used             PASS
UI BOM                    PASS
UI Docs Approval          PASS
UI Docs ECO Summary       PASS
BOM Compare               PASS
Baseline                  PASS
BOM Substitutes           PASS
MBOM Convert              PASS
Item Equivalents          PASS
Version-File Binding      PASS

----------------------------------------------
PASS: 43  FAIL: 0  SKIP: 10
----------------------------------------------

ALL TESTS PASSED
